<?xml version="1.0" encoding="UTF-8"?>
<coverage generated="1637254079919" clover="3.2.0">
  <project timestamp="1637254079919" name="All files">
    <metrics statements="32" coveredstatements="30" conditionals="25" coveredconditionals="19" methods="5" coveredmethods="5" elements="62" coveredelements="54" complexity="0" loc="32" ncloc="32" packages="1" files="1" classes="1"/>
    <file name="extra-semver.js" path="D:\project\@npm\electron-react\bin\runnable\install\utils\extra-semver.js">
      <metrics statements="32" coveredstatements="30" conditionals="25" coveredconditionals="19" methods="5" coveredmethods="5"/>
      <line num="8" count="1" type="cond" truecount="2" falsecount="1"/>
      <line num="9" count="13" type="cond" truecount="2" falsecount="2"/>
      <line num="10" count="28" type="cond" truecount="3" falsecount="1"/>
      <line num="11" count="0" type="cond" truecount="0" falsecount="2"/>
      <line num="12" count="0" type="stmt"/>
      <line num="15" count="13" type="cond" truecount="2" falsecount="0"/>
      <line num="17" count="1" type="stmt"/>
      <line num="18" count="1" type="stmt"/>
      <line num="19" count="1" type="stmt"/>
      <line num="20" count="1" type="stmt"/>
      <line num="21" count="15" type="cond" truecount="2" falsecount="0"/>
      <line num="22" count="10" type="cond" truecount="2" falsecount="0"/>
      <line num="23" count="4" type="stmt"/>
      <line num="25" count="6" type="cond" truecount="2" falsecount="0"/>
      <line num="26" count="3" type="stmt"/>
      <line num="28" count="3" type="stmt"/>
      <line num="30" count="5" type="stmt"/>
      <line num="32" count="1" type="stmt"/>
      <line num="36" count="1" type="stmt"/>
      <line num="37" count="23" type="cond" truecount="2" falsecount="0"/>
      <line num="38" count="10" type="stmt"/>
      <line num="40" count="13" type="stmt"/>
      <line num="41" count="13" type="stmt"/>
      <line num="42" count="13" type="stmt"/>
      <line num="43" count="28" type="stmt"/>
      <line num="44" count="15" type="stmt"/>
      <line num="45" count="15" type="cond" truecount="2" falsecount="0"/>
      <line num="47" count="10" type="stmt"/>
      <line num="48" count="10" type="stmt"/>
      <line num="52" count="18" type="stmt"/>
      <line num="54" count="13" type="stmt"/>
      <line num="56" count="1" type="stmt"/>
    </file>
  </project>
</coverage>
