{"D:\\project\\@npm\\electron-react\\bin\\runnable\\install\\utils\\extra-semver.js": {"path":"D:\\project\\@npm\\electron-react\\bin\\runnable\\install\\utils\\extra-semver.js","statementMap":{"0":{"start":{"line":8,"column":20},"end":{"line":16,"column":1}},"1":{"start":{"line":9,"column":4},"end":{"line":14,"column":5}},"2":{"start":{"line":9,"column":40},"end":{"line":14,"column":5}},"3":{"start":{"line":9,"column":53},"end":{"line":9,"column":54}},"4":{"start":{"line":9,"column":60},"end":{"line":9,"column":71}},"5":{"start":{"line":10,"column":8},"end":{"line":13,"column":9}},"6":{"start":{"line":11,"column":12},"end":{"line":11,"column":65}},"7":{"start":{"line":11,"column":21},"end":{"line":11,"column":65}},"8":{"start":{"line":12,"column":12},"end":{"line":12,"column":28}},"9":{"start":{"line":15,"column":4},"end":{"line":15,"column":61}},"10":{"start":{"line":17,"column":0},"end":{"line":17,"column":62}},"11":{"start":{"line":18,"column":0},"end":{"line":18,"column":53}},"12":{"start":{"line":19,"column":13},"end":{"line":19,"column":30}},"13":{"start":{"line":20,"column":15},"end":{"line":31,"column":1}},"14":{"start":{"line":21,"column":4},"end":{"line":29,"column":5}},"15":{"start":{"line":22,"column":8},"end":{"line":24,"column":9}},"16":{"start":{"line":23,"column":12},"end":{"line":23,"column":24}},"17":{"start":{"line":25,"column":8},"end":{"line":27,"column":9}},"18":{"start":{"line":26,"column":12},"end":{"line":26,"column":28}},"19":{"start":{"line":28,"column":8},"end":{"line":28,"column":72}},"20":{"start":{"line":30,"column":4},"end":{"line":30,"column":16}},"21":{"start":{"line":32,"column":0},"end":{"line":32,"column":28}},"22":{"start":{"line":36,"column":23},"end":{"line":55,"column":1}},"23":{"start":{"line":37,"column":4},"end":{"line":39,"column":5}},"24":{"start":{"line":38,"column":8},"end":{"line":38,"column":73}},"25":{"start":{"line":38,"column":41},"end":{"line":38,"column":69}},"26":{"start":{"line":40,"column":18},"end":{"line":40,"column":49}},"27":{"start":{"line":41,"column":18},"end":{"line":41,"column":20}},"28":{"start":{"line":42,"column":4},"end":{"line":53,"column":7}},"29":{"start":{"line":43,"column":8},"end":{"line":50,"column":9}},"30":{"start":{"line":43,"column":21},"end":{"line":43,"column":22}},"31":{"start":{"line":44,"column":28},"end":{"line":44,"column":66}},"32":{"start":{"line":45,"column":12},"end":{"line":49,"column":13}},"33":{"start":{"line":47,"column":16},"end":{"line":47,"column":67}},"34":{"start":{"line":48,"column":16},"end":{"line":48,"column":23}},"35":{"start":{"line":52,"column":8},"end":{"line":52,"column":45}},"36":{"start":{"line":54,"column":4},"end":{"line":54,"column":19}},"37":{"start":{"line":56,"column":0},"end":{"line":56,"column":44}}},"fnMap":{"0":{"name":"(anonymous_0)","decl":{"start":{"line":8,"column":52},"end":{"line":8,"column":53}},"loc":{"start":{"line":8,"column":78},"end":{"line":16,"column":1}},"line":8},"1":{"name":"(anonymous_1)","decl":{"start":{"line":20,"column":15},"end":{"line":20,"column":16}},"loc":{"start":{"line":20,"column":41},"end":{"line":31,"column":1}},"line":20},"2":{"name":"(anonymous_2)","decl":{"start":{"line":36,"column":23},"end":{"line":36,"column":24}},"loc":{"start":{"line":36,"column":41},"end":{"line":55,"column":1}},"line":36},"3":{"name":"(anonymous_3)","decl":{"start":{"line":38,"column":26},"end":{"line":38,"column":27}},"loc":{"start":{"line":38,"column":39},"end":{"line":38,"column":71}},"line":38},"4":{"name":"(anonymous_4)","decl":{"start":{"line":42,"column":20},"end":{"line":42,"column":21}},"loc":{"start":{"line":42,"column":35},"end":{"line":53,"column":5}},"line":42}},"branchMap":{"0":{"loc":{"start":{"line":8,"column":20},"end":{"line":16,"column":1}},"type":"binary-expr","locations":[{"start":{"line":8,"column":21},"end":{"line":8,"column":25}},{"start":{"line":8,"column":29},"end":{"line":8,"column":47}},{"start":{"line":8,"column":52},"end":{"line":16,"column":1}}],"line":8},"1":{"loc":{"start":{"line":9,"column":4},"end":{"line":14,"column":5}},"type":"if","locations":[{"start":{"line":9,"column":4},"end":{"line":14,"column":5}},{"start":{},"end":{}}],"line":9},"2":{"loc":{"start":{"line":9,"column":8},"end":{"line":9,"column":38}},"type":"binary-expr","locations":[{"start":{"line":9,"column":8},"end":{"line":9,"column":12}},{"start":{"line":9,"column":16},"end":{"line":9,"column":38}}],"line":9},"3":{"loc":{"start":{"line":10,"column":8},"end":{"line":13,"column":9}},"type":"if","locations":[{"start":{"line":10,"column":8},"end":{"line":13,"column":9}},{"start":{},"end":{}}],"line":10},"4":{"loc":{"start":{"line":10,"column":12},"end":{"line":10,"column":30}},"type":"binary-expr","locations":[{"start":{"line":10,"column":12},"end":{"line":10,"column":14}},{"start":{"line":10,"column":18},"end":{"line":10,"column":30}}],"line":10},"5":{"loc":{"start":{"line":11,"column":12},"end":{"line":11,"column":65}},"type":"if","locations":[{"start":{"line":11,"column":12},"end":{"line":11,"column":65}},{"start":{},"end":{}}],"line":11},"6":{"loc":{"start":{"line":15,"column":21},"end":{"line":15,"column":59}},"type":"binary-expr","locations":[{"start":{"line":15,"column":21},"end":{"line":15,"column":23}},{"start":{"line":15,"column":27},"end":{"line":15,"column":59}}],"line":15},"7":{"loc":{"start":{"line":21,"column":4},"end":{"line":29,"column":5}},"type":"if","locations":[{"start":{"line":21,"column":4},"end":{"line":29,"column":5}},{"start":{},"end":{}}],"line":21},"8":{"loc":{"start":{"line":22,"column":8},"end":{"line":24,"column":9}},"type":"if","locations":[{"start":{"line":22,"column":8},"end":{"line":24,"column":9}},{"start":{},"end":{}}],"line":22},"9":{"loc":{"start":{"line":25,"column":8},"end":{"line":27,"column":9}},"type":"if","locations":[{"start":{"line":25,"column":8},"end":{"line":27,"column":9}},{"start":{},"end":{}}],"line":25},"10":{"loc":{"start":{"line":37,"column":4},"end":{"line":39,"column":5}},"type":"if","locations":[{"start":{"line":37,"column":4},"end":{"line":39,"column":5}},{"start":{},"end":{}}],"line":37},"11":{"loc":{"start":{"line":45,"column":12},"end":{"line":49,"column":13}},"type":"if","locations":[{"start":{"line":45,"column":12},"end":{"line":49,"column":13}},{"start":{},"end":{}}],"line":45}},"s":{"0":1,"1":13,"2":13,"3":13,"4":13,"5":28,"6":0,"7":0,"8":0,"9":13,"10":1,"11":1,"12":1,"13":1,"14":15,"15":10,"16":4,"17":6,"18":3,"19":3,"20":5,"21":1,"22":1,"23":23,"24":10,"25":9,"26":13,"27":13,"28":13,"29":28,"30":28,"31":15,"32":15,"33":10,"34":10,"35":18,"36":13,"37":1},"f":{"0":13,"1":15,"2":23,"3":9,"4":28},"b":{"0":[1,0,1],"1":[13,0],"2":[13,0],"3":[0,28],"4":[28,28],"5":[0,0],"6":[13,13],"7":[10,5],"8":[4,6],"9":[3,3],"10":[10,13],"11":[10,5]},"_coverageSchema":"1a1c01bbd47fc00a2c39e90264f33305004495a9","hash":"89b56005206bd28df3d64bce6b546d223fa1ce64"}
}
