{"D:\\project\\@npm\\electron-react\\bin\\index.js": {"path":"D:\\project\\@npm\\electron-react\\bin\\index.js","statementMap":{"0":{"start":{"line":8,"column":27},"end":{"line":11,"column":1}},"1":{"start":{"line":9,"column":4},"end":{"line":9,"column":115}},"2":{"start":{"line":9,"column":33},"end":{"line":9,"column":86}},"3":{"start":{"line":9,"column":96},"end":{"line":9,"column":113}},"4":{"start":{"line":10,"column":4},"end":{"line":10,"column":18}},"5":{"start":{"line":12,"column":16},"end":{"line":20,"column":1}},"6":{"start":{"line":13,"column":28},"end":{"line":13,"column":110}},"7":{"start":{"line":13,"column":91},"end":{"line":13,"column":106}},"8":{"start":{"line":14,"column":4},"end":{"line":19,"column":7}},"9":{"start":{"line":15,"column":36},"end":{"line":15,"column":97}},"10":{"start":{"line":15,"column":42},"end":{"line":15,"column":70}},"11":{"start":{"line":15,"column":85},"end":{"line":15,"column":95}},"12":{"start":{"line":16,"column":35},"end":{"line":16,"column":100}},"13":{"start":{"line":16,"column":41},"end":{"line":16,"column":73}},"14":{"start":{"line":16,"column":88},"end":{"line":16,"column":98}},"15":{"start":{"line":17,"column":32},"end":{"line":17,"column":116}},"16":{"start":{"line":18,"column":8},"end":{"line":18,"column":78}},"17":{"start":{"line":21,"column":18},"end":{"line":47,"column":1}},"18":{"start":{"line":22,"column":12},"end":{"line":22,"column":104}},"19":{"start":{"line":22,"column":43},"end":{"line":22,"column":68}},"20":{"start":{"line":22,"column":57},"end":{"line":22,"column":68}},"21":{"start":{"line":22,"column":69},"end":{"line":22,"column":81}},"22":{"start":{"line":23,"column":4},"end":{"line":23,"column":157}},"23":{"start":{"line":23,"column":138},"end":{"line":23,"column":150}},"24":{"start":{"line":24,"column":23},"end":{"line":24,"column":68}},"25":{"start":{"line":24,"column":45},"end":{"line":24,"column":65}},"26":{"start":{"line":26,"column":8},"end":{"line":26,"column":70}},"27":{"start":{"line":26,"column":15},"end":{"line":26,"column":70}},"28":{"start":{"line":27,"column":8},"end":{"line":44,"column":66}},"29":{"start":{"line":27,"column":18},"end":{"line":44,"column":66}},"30":{"start":{"line":28,"column":12},"end":{"line":28,"column":169}},"31":{"start":{"line":28,"column":160},"end":{"line":28,"column":169}},"32":{"start":{"line":29,"column":12},"end":{"line":29,"column":52}},"33":{"start":{"line":29,"column":26},"end":{"line":29,"column":52}},"34":{"start":{"line":30,"column":12},"end":{"line":42,"column":13}},"35":{"start":{"line":31,"column":32},"end":{"line":31,"column":39}},"36":{"start":{"line":31,"column":40},"end":{"line":31,"column":46}},"37":{"start":{"line":32,"column":24},"end":{"line":32,"column":34}},"38":{"start":{"line":32,"column":35},"end":{"line":32,"column":72}},"39":{"start":{"line":33,"column":24},"end":{"line":33,"column":34}},"40":{"start":{"line":33,"column":35},"end":{"line":33,"column":45}},"41":{"start":{"line":33,"column":46},"end":{"line":33,"column":55}},"42":{"start":{"line":33,"column":56},"end":{"line":33,"column":65}},"43":{"start":{"line":34,"column":24},"end":{"line":34,"column":41}},"44":{"start":{"line":34,"column":42},"end":{"line":34,"column":55}},"45":{"start":{"line":34,"column":56},"end":{"line":34,"column":65}},"46":{"start":{"line":36,"column":20},"end":{"line":36,"column":128}},"47":{"start":{"line":36,"column":110},"end":{"line":36,"column":116}},"48":{"start":{"line":36,"column":117},"end":{"line":36,"column":126}},"49":{"start":{"line":37,"column":20},"end":{"line":37,"column":106}},"50":{"start":{"line":37,"column":81},"end":{"line":37,"column":97}},"51":{"start":{"line":37,"column":98},"end":{"line":37,"column":104}},"52":{"start":{"line":38,"column":20},"end":{"line":38,"column":89}},"53":{"start":{"line":38,"column":57},"end":{"line":38,"column":72}},"54":{"start":{"line":38,"column":73},"end":{"line":38,"column":80}},"55":{"start":{"line":38,"column":81},"end":{"line":38,"column":87}},"56":{"start":{"line":39,"column":20},"end":{"line":39,"column":87}},"57":{"start":{"line":39,"column":47},"end":{"line":39,"column":62}},"58":{"start":{"line":39,"column":63},"end":{"line":39,"column":78}},"59":{"start":{"line":39,"column":79},"end":{"line":39,"column":85}},"60":{"start":{"line":40,"column":20},"end":{"line":40,"column":42}},"61":{"start":{"line":40,"column":30},"end":{"line":40,"column":42}},"62":{"start":{"line":41,"column":20},"end":{"line":41,"column":33}},"63":{"start":{"line":41,"column":34},"end":{"line":41,"column":43}},"64":{"start":{"line":43,"column":12},"end":{"line":43,"column":39}},"65":{"start":{"line":44,"column":22},"end":{"line":44,"column":34}},"66":{"start":{"line":44,"column":35},"end":{"line":44,"column":41}},"67":{"start":{"line":44,"column":54},"end":{"line":44,"column":64}},"68":{"start":{"line":45,"column":8},"end":{"line":45,"column":35}},"69":{"start":{"line":45,"column":23},"end":{"line":45,"column":35}},"70":{"start":{"line":45,"column":36},"end":{"line":45,"column":89}},"71":{"start":{"line":48,"column":0},"end":{"line":48,"column":62}},"72":{"start":{"line":49,"column":0},"end":{"line":49,"column":26}},"73":{"start":{"line":50,"column":12},"end":{"line":50,"column":28}},"74":{"start":{"line":51,"column":16},"end":{"line":51,"column":45}},"75":{"start":{"line":52,"column":15},"end":{"line":52,"column":43}},"76":{"start":{"line":54,"column":0},"end":{"line":58,"column":59}},"77":{"start":{"line":55,"column":4},"end":{"line":55,"column":75}},"78":{"start":{"line":56,"column":4},"end":{"line":56,"column":57}},"79":{"start":{"line":57,"column":4},"end":{"line":57,"column":40}},"80":{"start":{"line":60,"column":23},"end":{"line":62,"column":1}},"81":{"start":{"line":63,"column":11},"end":{"line":105,"column":5}},"82":{"start":{"line":63,"column":37},"end":{"line":105,"column":3}},"83":{"start":{"line":65,"column":4},"end":{"line":104,"column":7}},"84":{"start":{"line":66,"column":8},"end":{"line":103,"column":9}},"85":{"start":{"line":68,"column":16},"end":{"line":68,"column":44}},"86":{"start":{"line":69,"column":16},"end":{"line":69,"column":52}},"87":{"start":{"line":70,"column":16},"end":{"line":72,"column":19}},"88":{"start":{"line":71,"column":20},"end":{"line":71,"column":83}},"89":{"start":{"line":73,"column":16},"end":{"line":73,"column":51}},"90":{"start":{"line":73,"column":27},"end":{"line":73,"column":51}},"91":{"start":{"line":74,"column":16},"end":{"line":74,"column":29}},"92":{"start":{"line":76,"column":16},"end":{"line":76,"column":42}},"93":{"start":{"line":77,"column":16},"end":{"line":77,"column":38}},"94":{"start":{"line":78,"column":16},"end":{"line":78,"column":75}},"95":{"start":{"line":79,"column":16},"end":{"line":79,"column":50}},"96":{"start":{"line":81,"column":16},"end":{"line":81,"column":33}},"97":{"start":{"line":82,"column":16},"end":{"line":84,"column":17}},"98":{"start":{"line":83,"column":20},"end":{"line":83,"column":324}},"99":{"start":{"line":85,"column":16},"end":{"line":85,"column":40}},"100":{"start":{"line":87,"column":16},"end":{"line":87,"column":34}},"101":{"start":{"line":88,"column":16},"end":{"line":94,"column":17}},"102":{"start":{"line":89,"column":20},"end":{"line":89,"column":58}},"103":{"start":{"line":90,"column":20},"end":{"line":90,"column":47}},"104":{"start":{"line":93,"column":20},"end":{"line":93,"column":32}},"105":{"start":{"line":95,"column":16},"end":{"line":95,"column":40}},"106":{"start":{"line":96,"column":20},"end":{"line":96,"column":44}},"107":{"start":{"line":98,"column":16},"end":{"line":98,"column":276}},"108":{"start":{"line":99,"column":16},"end":{"line":99,"column":29}},"109":{"start":{"line":101,"column":16},"end":{"line":101,"column":44}},"110":{"start":{"line":102,"column":16},"end":{"line":102,"column":44}},"111":{"start":{"line":106,"column":10},"end":{"line":123,"column":1}},"112":{"start":{"line":107,"column":15},"end":{"line":107,"column":17}},"113":{"start":{"line":108,"column":4},"end":{"line":110,"column":5}},"114":{"start":{"line":108,"column":18},"end":{"line":108,"column":19}},"115":{"start":{"line":109,"column":8},"end":{"line":109,"column":33}},"116":{"start":{"line":111,"column":4},"end":{"line":122,"column":7}},"117":{"start":{"line":114,"column":8},"end":{"line":121,"column":11}},"118":{"start":{"line":115,"column":12},"end":{"line":120,"column":13}},"119":{"start":{"line":116,"column":24},"end":{"line":116,"column":118}},"120":{"start":{"line":118,"column":20},"end":{"line":118,"column":43}},"121":{"start":{"line":119,"column":20},"end":{"line":119,"column":54}},"122":{"start":{"line":124,"column":0},"end":{"line":131,"column":1}},"123":{"start":{"line":125,"column":4},"end":{"line":129,"column":7}},"124":{"start":{"line":127,"column":8},"end":{"line":127,"column":36}},"125":{"start":{"line":128,"column":8},"end":{"line":128,"column":42}},"126":{"start":{"line":130,"column":4},"end":{"line":130,"column":64}},"127":{"start":{"line":132,"column":0},"end":{"line":132,"column":22}}},"fnMap":{"0":{"name":"(anonymous_0)","decl":{"start":{"line":8,"column":66},"end":{"line":8,"column":67}},"loc":{"start":{"line":8,"column":89},"end":{"line":11,"column":1}},"line":8},"1":{"name":"(anonymous_1)","decl":{"start":{"line":12,"column":44},"end":{"line":12,"column":45}},"loc":{"start":{"line":12,"column":89},"end":{"line":20,"column":1}},"line":12},"2":{"name":"adopt","decl":{"start":{"line":13,"column":13},"end":{"line":13,"column":18}},"loc":{"start":{"line":13,"column":26},"end":{"line":13,"column":112}},"line":13},"3":{"name":"(anonymous_3)","decl":{"start":{"line":13,"column":70},"end":{"line":13,"column":71}},"loc":{"start":{"line":13,"column":89},"end":{"line":13,"column":108}},"line":13},"4":{"name":"(anonymous_4)","decl":{"start":{"line":14,"column":36},"end":{"line":14,"column":37}},"loc":{"start":{"line":14,"column":63},"end":{"line":19,"column":5}},"line":14},"5":{"name":"fulfilled","decl":{"start":{"line":15,"column":17},"end":{"line":15,"column":26}},"loc":{"start":{"line":15,"column":34},"end":{"line":15,"column":99}},"line":15},"6":{"name":"rejected","decl":{"start":{"line":16,"column":17},"end":{"line":16,"column":25}},"loc":{"start":{"line":16,"column":33},"end":{"line":16,"column":102}},"line":16},"7":{"name":"step","decl":{"start":{"line":17,"column":17},"end":{"line":17,"column":21}},"loc":{"start":{"line":17,"column":30},"end":{"line":17,"column":118}},"line":17},"8":{"name":"(anonymous_8)","decl":{"start":{"line":21,"column":48},"end":{"line":21,"column":49}},"loc":{"start":{"line":21,"column":73},"end":{"line":47,"column":1}},"line":21},"9":{"name":"(anonymous_9)","decl":{"start":{"line":22,"column":30},"end":{"line":22,"column":31}},"loc":{"start":{"line":22,"column":41},"end":{"line":22,"column":83}},"line":22},"10":{"name":"(anonymous_10)","decl":{"start":{"line":23,"column":125},"end":{"line":23,"column":126}},"loc":{"start":{"line":23,"column":136},"end":{"line":23,"column":152}},"line":23},"11":{"name":"verb","decl":{"start":{"line":24,"column":13},"end":{"line":24,"column":17}},"loc":{"start":{"line":24,"column":21},"end":{"line":24,"column":70}},"line":24},"12":{"name":"(anonymous_12)","decl":{"start":{"line":24,"column":30},"end":{"line":24,"column":31}},"loc":{"start":{"line":24,"column":43},"end":{"line":24,"column":67}},"line":24},"13":{"name":"step","decl":{"start":{"line":25,"column":13},"end":{"line":25,"column":17}},"loc":{"start":{"line":25,"column":22},"end":{"line":46,"column":5}},"line":25},"14":{"name":"(anonymous_14)","decl":{"start":{"line":54,"column":1},"end":{"line":54,"column":2}},"loc":{"start":{"line":54,"column":21},"end":{"line":58,"column":1}},"line":54},"15":{"name":"(anonymous_15)","decl":{"start":{"line":63,"column":11},"end":{"line":63,"column":12}},"loc":{"start":{"line":63,"column":35},"end":{"line":105,"column":5}},"line":63},"16":{"name":"(anonymous_16)","decl":{"start":{"line":63,"column":78},"end":{"line":63,"column":79}},"loc":{"start":{"line":63,"column":90},"end":{"line":105,"column":1}},"line":63},"17":{"name":"(anonymous_17)","decl":{"start":{"line":65,"column":29},"end":{"line":65,"column":30}},"loc":{"start":{"line":65,"column":43},"end":{"line":104,"column":5}},"line":65},"18":{"name":"(anonymous_18)","decl":{"start":{"line":70,"column":45},"end":{"line":70,"column":46}},"loc":{"start":{"line":70,"column":60},"end":{"line":72,"column":17}},"line":70},"19":{"name":"(anonymous_19)","decl":{"start":{"line":106,"column":10},"end":{"line":106,"column":11}},"loc":{"start":{"line":106,"column":22},"end":{"line":123,"column":1}},"line":106},"20":{"name":"(anonymous_20)","decl":{"start":{"line":111,"column":45},"end":{"line":111,"column":46}},"loc":{"start":{"line":111,"column":57},"end":{"line":122,"column":5}},"line":111},"21":{"name":"(anonymous_21)","decl":{"start":{"line":114,"column":33},"end":{"line":114,"column":34}},"loc":{"start":{"line":114,"column":47},"end":{"line":121,"column":9}},"line":114},"22":{"name":"(anonymous_22)","decl":{"start":{"line":125,"column":36},"end":{"line":125,"column":37}},"loc":{"start":{"line":125,"column":51},"end":{"line":129,"column":5}},"line":125}},"branchMap":{"0":{"loc":{"start":{"line":8,"column":27},"end":{"line":11,"column":1}},"type":"binary-expr","locations":[{"start":{"line":8,"column":28},"end":{"line":8,"column":32}},{"start":{"line":8,"column":36},"end":{"line":8,"column":61}},{"start":{"line":8,"column":66},"end":{"line":11,"column":1}}],"line":8},"1":{"loc":{"start":{"line":9,"column":4},"end":{"line":9,"column":115}},"type":"if","locations":[{"start":{"line":9,"column":4},"end":{"line":9,"column":115}},{"start":{"line":9,"column":94},"end":{"line":9,"column":115}}],"line":9},"2":{"loc":{"start":{"line":12,"column":16},"end":{"line":20,"column":1}},"type":"binary-expr","locations":[{"start":{"line":12,"column":17},"end":{"line":12,"column":21}},{"start":{"line":12,"column":25},"end":{"line":12,"column":39}},{"start":{"line":12,"column":44},"end":{"line":20,"column":1}}],"line":12},"3":{"loc":{"start":{"line":13,"column":35},"end":{"line":13,"column":109}},"type":"cond-expr","locations":[{"start":{"line":13,"column":56},"end":{"line":13,"column":61}},{"start":{"line":13,"column":64},"end":{"line":13,"column":109}}],"line":13},"4":{"loc":{"start":{"line":14,"column":16},"end":{"line":14,"column":34}},"type":"binary-expr","locations":[{"start":{"line":14,"column":16},"end":{"line":14,"column":17}},{"start":{"line":14,"column":22},"end":{"line":14,"column":33}}],"line":14},"5":{"loc":{"start":{"line":17,"column":32},"end":{"line":17,"column":115}},"type":"cond-expr","locations":[{"start":{"line":17,"column":46},"end":{"line":17,"column":67}},{"start":{"line":17,"column":70},"end":{"line":17,"column":115}}],"line":17},"6":{"loc":{"start":{"line":18,"column":51},"end":{"line":18,"column":67}},"type":"binary-expr","locations":[{"start":{"line":18,"column":51},"end":{"line":18,"column":61}},{"start":{"line":18,"column":65},"end":{"line":18,"column":67}}],"line":18},"7":{"loc":{"start":{"line":21,"column":18},"end":{"line":47,"column":1}},"type":"binary-expr","locations":[{"start":{"line":21,"column":19},"end":{"line":21,"column":23}},{"start":{"line":21,"column":27},"end":{"line":21,"column":43}},{"start":{"line":21,"column":48},"end":{"line":47,"column":1}}],"line":21},"8":{"loc":{"start":{"line":22,"column":43},"end":{"line":22,"column":68}},"type":"if","locations":[{"start":{"line":22,"column":43},"end":{"line":22,"column":68}},{"start":{},"end":{}}],"line":22},"9":{"loc":{"start":{"line":23,"column":71},"end":{"line":23,"column":153}},"type":"binary-expr","locations":[{"start":{"line":23,"column":71},"end":{"line":23,"column":99}},{"start":{"line":23,"column":104},"end":{"line":23,"column":152}}],"line":23},"10":{"loc":{"start":{"line":26,"column":8},"end":{"line":26,"column":70}},"type":"if","locations":[{"start":{"line":26,"column":8},"end":{"line":26,"column":70}},{"start":{},"end":{}}],"line":26},"11":{"loc":{"start":{"line":28,"column":12},"end":{"line":28,"column":169}},"type":"if","locations":[{"start":{"line":28,"column":12},"end":{"line":28,"column":169}},{"start":{},"end":{}}],"line":28},"12":{"loc":{"start":{"line":28,"column":23},"end":{"line":28,"column":158}},"type":"binary-expr","locations":[{"start":{"line":28,"column":23},"end":{"line":28,"column":24}},{"start":{"line":28,"column":29},"end":{"line":28,"column":125}},{"start":{"line":28,"column":130},"end":{"line":28,"column":158}}],"line":28},"13":{"loc":{"start":{"line":28,"column":33},"end":{"line":28,"column":125}},"type":"cond-expr","locations":[{"start":{"line":28,"column":45},"end":{"line":28,"column":56}},{"start":{"line":28,"column":59},"end":{"line":28,"column":125}}],"line":28},"14":{"loc":{"start":{"line":28,"column":59},"end":{"line":28,"column":125}},"type":"cond-expr","locations":[{"start":{"line":28,"column":67},"end":{"line":28,"column":116}},{"start":{"line":28,"column":119},"end":{"line":28,"column":125}}],"line":28},"15":{"loc":{"start":{"line":28,"column":67},"end":{"line":28,"column":116}},"type":"binary-expr","locations":[{"start":{"line":28,"column":67},"end":{"line":28,"column":77}},{"start":{"line":28,"column":82},"end":{"line":28,"column":115}}],"line":28},"16":{"loc":{"start":{"line":28,"column":82},"end":{"line":28,"column":112}},"type":"binary-expr","locations":[{"start":{"line":28,"column":83},"end":{"line":28,"column":98}},{"start":{"line":28,"column":103},"end":{"line":28,"column":112}}],"line":28},"17":{"loc":{"start":{"line":29,"column":12},"end":{"line":29,"column":52}},"type":"if","locations":[{"start":{"line":29,"column":12},"end":{"line":29,"column":52}},{"start":{},"end":{}}],"line":29},"18":{"loc":{"start":{"line":30,"column":12},"end":{"line":42,"column":13}},"type":"switch","locations":[{"start":{"line":31,"column":16},"end":{"line":31,"column":23}},{"start":{"line":31,"column":24},"end":{"line":31,"column":46}},{"start":{"line":32,"column":16},"end":{"line":32,"column":72}},{"start":{"line":33,"column":16},"end":{"line":33,"column":65}},{"start":{"line":34,"column":16},"end":{"line":34,"column":65}},{"start":{"line":35,"column":16},"end":{"line":41,"column":43}}],"line":30},"19":{"loc":{"start":{"line":36,"column":20},"end":{"line":36,"column":128}},"type":"if","locations":[{"start":{"line":36,"column":20},"end":{"line":36,"column":128}},{"start":{},"end":{}}],"line":36},"20":{"loc":{"start":{"line":36,"column":24},"end":{"line":36,"column":106}},"type":"binary-expr","locations":[{"start":{"line":36,"column":24},"end":{"line":36,"column":74}},{"start":{"line":36,"column":79},"end":{"line":36,"column":90}},{"start":{"line":36,"column":94},"end":{"line":36,"column":105}}],"line":36},"21":{"loc":{"start":{"line":36,"column":42},"end":{"line":36,"column":73}},"type":"binary-expr","locations":[{"start":{"line":36,"column":42},"end":{"line":36,"column":54}},{"start":{"line":36,"column":58},"end":{"line":36,"column":73}}],"line":36},"22":{"loc":{"start":{"line":37,"column":20},"end":{"line":37,"column":106}},"type":"if","locations":[{"start":{"line":37,"column":20},"end":{"line":37,"column":106}},{"start":{},"end":{}}],"line":37},"23":{"loc":{"start":{"line":37,"column":24},"end":{"line":37,"column":77}},"type":"binary-expr","locations":[{"start":{"line":37,"column":24},"end":{"line":37,"column":35}},{"start":{"line":37,"column":40},"end":{"line":37,"column":42}},{"start":{"line":37,"column":47},"end":{"line":37,"column":59}},{"start":{"line":37,"column":63},"end":{"line":37,"column":75}}],"line":37},"24":{"loc":{"start":{"line":38,"column":20},"end":{"line":38,"column":89}},"type":"if","locations":[{"start":{"line":38,"column":20},"end":{"line":38,"column":89}},{"start":{},"end":{}}],"line":38},"25":{"loc":{"start":{"line":38,"column":24},"end":{"line":38,"column":53}},"type":"binary-expr","locations":[{"start":{"line":38,"column":24},"end":{"line":38,"column":35}},{"start":{"line":38,"column":39},"end":{"line":38,"column":53}}],"line":38},"26":{"loc":{"start":{"line":39,"column":20},"end":{"line":39,"column":87}},"type":"if","locations":[{"start":{"line":39,"column":20},"end":{"line":39,"column":87}},{"start":{},"end":{}}],"line":39},"27":{"loc":{"start":{"line":39,"column":24},"end":{"line":39,"column":43}},"type":"binary-expr","locations":[{"start":{"line":39,"column":24},"end":{"line":39,"column":25}},{"start":{"line":39,"column":29},"end":{"line":39,"column":43}}],"line":39},"28":{"loc":{"start":{"line":40,"column":20},"end":{"line":40,"column":42}},"type":"if","locations":[{"start":{"line":40,"column":20},"end":{"line":40,"column":42}},{"start":{},"end":{}}],"line":40},"29":{"loc":{"start":{"line":45,"column":8},"end":{"line":45,"column":35}},"type":"if","locations":[{"start":{"line":45,"column":8},"end":{"line":45,"column":35}},{"start":{},"end":{}}],"line":45},"30":{"loc":{"start":{"line":45,"column":52},"end":{"line":45,"column":74}},"type":"cond-expr","locations":[{"start":{"line":45,"column":60},"end":{"line":45,"column":65}},{"start":{"line":45,"column":68},"end":{"line":45,"column":74}}],"line":45},"31":{"loc":{"start":{"line":58,"column":14},"end":{"line":58,"column":57}},"type":"binary-expr","locations":[{"start":{"line":58,"column":14},"end":{"line":58,"column":30}},{"start":{"line":58,"column":35},"end":{"line":58,"column":56}}],"line":58},"32":{"loc":{"start":{"line":66,"column":8},"end":{"line":103,"column":9}},"type":"switch","locations":[{"start":{"line":67,"column":12},"end":{"line":74,"column":29}},{"start":{"line":75,"column":12},"end":{"line":79,"column":50}},{"start":{"line":80,"column":12},"end":{"line":85,"column":40}},{"start":{"line":86,"column":12},"end":{"line":95,"column":40}},{"start":{"line":96,"column":12},"end":{"line":96,"column":44}},{"start":{"line":97,"column":12},"end":{"line":99,"column":29}},{"start":{"line":100,"column":12},"end":{"line":102,"column":44}}],"line":66},"33":{"loc":{"start":{"line":71,"column":27},"end":{"line":71,"column":82}},"type":"binary-expr","locations":[{"start":{"line":71,"column":27},"end":{"line":71,"column":50}},{"start":{"line":71,"column":54},"end":{"line":71,"column":82}}],"line":71},"34":{"loc":{"start":{"line":73,"column":16},"end":{"line":73,"column":51}},"type":"if","locations":[{"start":{"line":73,"column":16},"end":{"line":73,"column":51}},{"start":{},"end":{}}],"line":73},"35":{"loc":{"start":{"line":82,"column":16},"end":{"line":84,"column":17}},"type":"if","locations":[{"start":{"line":82,"column":16},"end":{"line":84,"column":17}},{"start":{},"end":{}}],"line":82},"36":{"loc":{"start":{"line":83,"column":49},"end":{"line":83,"column":297}},"type":"binary-expr","locations":[{"start":{"line":83,"column":49},"end":{"line":83,"column":65}},{"start":{"line":83,"column":70},"end":{"line":83,"column":296}}],"line":83},"37":{"loc":{"start":{"line":88,"column":16},"end":{"line":94,"column":17}},"type":"if","locations":[{"start":{"line":88,"column":16},"end":{"line":94,"column":17}},{"start":{"line":92,"column":21},"end":{"line":94,"column":17}}],"line":88},"38":{"loc":{"start":{"line":98,"column":45},"end":{"line":98,"column":265}},"type":"binary-expr","locations":[{"start":{"line":98,"column":45},"end":{"line":98,"column":61}},{"start":{"line":98,"column":66},"end":{"line":98,"column":264}}],"line":98},"39":{"loc":{"start":{"line":115,"column":12},"end":{"line":120,"column":13}},"type":"switch","locations":[{"start":{"line":116,"column":16},"end":{"line":116,"column":118}},{"start":{"line":117,"column":16},"end":{"line":119,"column":54}}],"line":115},"40":{"loc":{"start":{"line":116,"column":50},"end":{"line":116,"column":100}},"type":"cond-expr","locations":[{"start":{"line":116,"column":93},"end":{"line":116,"column":95}},{"start":{"line":116,"column":98},"end":{"line":116,"column":100}}],"line":116},"41":{"loc":{"start":{"line":116,"column":50},"end":{"line":116,"column":90}},"type":"binary-expr","locations":[{"start":{"line":116,"column":50},"end":{"line":116,"column":73}},{"start":{"line":116,"column":77},"end":{"line":116,"column":90}}],"line":116},"42":{"loc":{"start":{"line":124,"column":0},"end":{"line":131,"column":1}},"type":"if","locations":[{"start":{"line":124,"column":0},"end":{"line":131,"column":1}},{"start":{},"end":{}}],"line":124}},"s":{"0":1,"1":0,"2":0,"3":0,"4":0,"5":1,"6":2,"7":0,"8":2,"9":0,"10":0,"11":0,"12":0,"13":0,"14":0,"15":2,"16":2,"17":1,"18":2,"19":0,"20":0,"21":0,"22":2,"23":0,"24":6,"25":2,"26":2,"27":0,"28":2,"29":4,"30":4,"31":0,"32":4,"33":0,"34":4,"35":2,"36":2,"37":2,"38":2,"39":0,"40":0,"41":0,"42":0,"43":0,"44":0,"45":0,"46":0,"47":0,"48":0,"49":0,"50":0,"51":0,"52":0,"53":0,"54":0,"55":0,"56":0,"57":0,"58":0,"59":0,"60":0,"61":0,"62":0,"63":0,"64":2,"65":0,"66":0,"67":4,"68":0,"69":0,"70":0,"71":1,"72":1,"73":1,"74":1,"75":1,"76":1,"77":1,"78":1,"79":1,"80":1,"81":1,"82":1,"83":1,"84":1,"85":1,"86":1,"87":1,"88":1,"89":1,"90":0,"91":1,"92":1,"93":1,"94":1,"95":1,"96":0,"97":0,"98":0,"99":0,"100":0,"101":0,"102":0,"103":0,"104":0,"105":0,"106":0,"107":0,"108":0,"109":0,"110":0,"111":1,"112":1,"113":1,"114":1,"115":1,"116":1,"117":1,"118":1,"119":1,"120":0,"121":0,"122":1,"123":0,"124":0,"125":0,"126":0,"127":1},"f":{"0":0,"1":2,"2":2,"3":0,"4":2,"5":0,"6":0,"7":2,"8":2,"9":0,"10":0,"11":6,"12":2,"13":2,"14":1,"15":1,"16":1,"17":1,"18":1,"19":1,"20":1,"21":1,"22":0},"b":{"0":[1,0,1],"1":[0,0],"2":[1,0,1],"3":[2,0],"4":[2,2],"5":[0,2],"6":[2,2],"7":[1,0,1],"8":[0,0],"9":[2,2],"10":[0,2],"11":[0,4],"12":[4,0,0],"13":[0,0],"14":[0,0],"15":[0,0],"16":[0,0],"17":[0,4],"18":[2,2,2,0,0,0],"19":[0,0],"20":[0,0,0],"21":[0,0],"22":[0,0],"23":[0,0,0,0],"24":[0,0],"25":[0,0],"26":[0,0],"27":[0,0],"28":[0,0],"29":[0,0],"30":[0,0],"31":[1,1],"32":[1,1,0,0,0,0,0],"33":[1,0],"34":[0,1],"35":[0,0],"36":[0,0],"37":[0,0],"38":[0,0],"39":[1,0],"40":[1,0],"41":[1,1],"42":[0,1]},"_coverageSchema":"1a1c01bbd47fc00a2c39e90264f33305004495a9","hash":"04d9a24ba4e761a5335768aef568ddf60f23b9da"}
,"D:\\project\\@npm\\electron-react\\bin\\runnable\\index.js": {"path":"D:\\project\\@npm\\electron-react\\bin\\runnable\\index.js","statementMap":{"0":{"start":{"line":8,"column":16},"end":{"line":22,"column":4}},"1":{"start":{"line":9,"column":24},"end":{"line":14,"column":5}},"2":{"start":{"line":10,"column":8},"end":{"line":12,"column":110}},"3":{"start":{"line":11,"column":69},"end":{"line":11,"column":85}},"4":{"start":{"line":12,"column":30},"end":{"line":12,"column":107}},"5":{"start":{"line":12,"column":47},"end":{"line":12,"column":107}},"6":{"start":{"line":12,"column":95},"end":{"line":12,"column":107}},"7":{"start":{"line":13,"column":8},"end":{"line":13,"column":35}},"8":{"start":{"line":15,"column":4},"end":{"line":21,"column":6}},"9":{"start":{"line":16,"column":8},"end":{"line":17,"column":102}},"10":{"start":{"line":17,"column":12},"end":{"line":17,"column":102}},"11":{"start":{"line":18,"column":8},"end":{"line":18,"column":28}},"12":{"start":{"line":19,"column":24},"end":{"line":19,"column":45}},"13":{"start":{"line":20,"column":8},"end":{"line":20,"column":93}},"14":{"start":{"line":23,"column":0},"end":{"line":23,"column":62}},"15":{"start":{"line":24,"column":0},"end":{"line":24,"column":34}},"16":{"start":{"line":25,"column":38},"end":{"line":33,"column":8}},"17":{"start":{"line":26,"column":4},"end":{"line":26,"column":40}},"18":{"start":{"line":28,"column":20},"end":{"line":28,"column":50}},"19":{"start":{"line":29,"column":8},"end":{"line":29,"column":40}},"20":{"start":{"line":30,"column":8},"end":{"line":30,"column":21}},"21":{"start":{"line":32,"column":4},"end":{"line":32,"column":28}},"22":{"start":{"line":34,"column":0},"end":{"line":34,"column":44}},"23":{"start":{"line":40,"column":30},"end":{"line":97,"column":3}},"24":{"start":{"line":42,"column":8},"end":{"line":42,"column":31}},"25":{"start":{"line":43,"column":8},"end":{"line":45,"column":9}},"26":{"start":{"line":44,"column":12},"end":{"line":44,"column":80}},"27":{"start":{"line":46,"column":8},"end":{"line":46,"column":41}},"28":{"start":{"line":47,"column":17},"end":{"line":47,"column":42}},"29":{"start":{"line":47,"column":53},"end":{"line":47,"column":58}},"30":{"start":{"line":47,"column":70},"end":{"line":47,"column":75}},"31":{"start":{"line":48,"column":8},"end":{"line":48,"column":29}},"32":{"start":{"line":49,"column":8},"end":{"line":49,"column":31}},"33":{"start":{"line":51,"column":4},"end":{"line":53,"column":6}},"34":{"start":{"line":52,"column":8},"end":{"line":52,"column":75}},"35":{"start":{"line":54,"column":4},"end":{"line":95,"column":6}},"36":{"start":{"line":55,"column":20},"end":{"line":55,"column":24}},"37":{"start":{"line":56,"column":21},"end":{"line":56,"column":23}},"38":{"start":{"line":57,"column":22},"end":{"line":57,"column":24}},"39":{"start":{"line":58,"column":29},"end":{"line":90,"column":21}},"40":{"start":{"line":60,"column":12},"end":{"line":88,"column":13}},"41":{"start":{"line":61,"column":28},"end":{"line":61,"column":71}},"42":{"start":{"line":62,"column":16},"end":{"line":83,"column":17}},"43":{"start":{"line":63,"column":20},"end":{"line":65,"column":21}},"44":{"start":{"line":64,"column":24},"end":{"line":64,"column":93}},"45":{"start":{"line":66,"column":29},"end":{"line":66,"column":41}},"46":{"start":{"line":66,"column":52},"end":{"line":66,"column":59}},"47":{"start":{"line":66,"column":67},"end":{"line":66,"column":71}},"48":{"start":{"line":67,"column":30},"end":{"line":73,"column":66}},"49":{"start":{"line":68,"column":36},"end":{"line":68,"column":41}},"50":{"start":{"line":68,"column":52},"end":{"line":68,"column":57}},"51":{"start":{"line":69,"column":24},"end":{"line":69,"column":85}},"52":{"start":{"line":71,"column":35},"end":{"line":71,"column":40}},"53":{"start":{"line":71,"column":55},"end":{"line":71,"column":71}},"54":{"start":{"line":72,"column":24},"end":{"line":72,"column":132}},"55":{"start":{"line":74,"column":20},"end":{"line":76,"column":21}},"56":{"start":{"line":75,"column":24},"end":{"line":75,"column":88}},"57":{"start":{"line":77,"column":33},"end":{"line":77,"column":48}},"58":{"start":{"line":78,"column":20},"end":{"line":81,"column":21}},"59":{"start":{"line":79,"column":24},"end":{"line":79,"column":44}},"60":{"start":{"line":80,"column":24},"end":{"line":80,"column":41}},"61":{"start":{"line":82,"column":20},"end":{"line":82,"column":31}},"62":{"start":{"line":84,"column":16},"end":{"line":84,"column":33}},"63":{"start":{"line":87,"column":16},"end":{"line":87,"column":36}},"64":{"start":{"line":89,"column":12},"end":{"line":89,"column":29}},"65":{"start":{"line":91,"column":8},"end":{"line":93,"column":9}},"66":{"start":{"line":92,"column":12},"end":{"line":92,"column":91}},"67":{"start":{"line":94,"column":8},"end":{"line":94,"column":33}},"68":{"start":{"line":96,"column":4},"end":{"line":96,"column":20}},"69":{"start":{"line":98,"column":0},"end":{"line":98,"column":27}}},"fnMap":{"0":{"name":"(anonymous_0)","decl":{"start":{"line":8,"column":45},"end":{"line":8,"column":46}},"loc":{"start":{"line":8,"column":57},"end":{"line":22,"column":1}},"line":8},"1":{"name":"(anonymous_1)","decl":{"start":{"line":9,"column":24},"end":{"line":9,"column":25}},"loc":{"start":{"line":9,"column":40},"end":{"line":14,"column":5}},"line":9},"2":{"name":"(anonymous_2)","decl":{"start":{"line":11,"column":51},"end":{"line":11,"column":52}},"loc":{"start":{"line":11,"column":67},"end":{"line":11,"column":87}},"line":11},"3":{"name":"(anonymous_3)","decl":{"start":{"line":12,"column":12},"end":{"line":12,"column":13}},"loc":{"start":{"line":12,"column":28},"end":{"line":12,"column":109}},"line":12},"4":{"name":"(anonymous_4)","decl":{"start":{"line":15,"column":11},"end":{"line":15,"column":12}},"loc":{"start":{"line":15,"column":27},"end":{"line":21,"column":5}},"line":15},"5":{"name":"__","decl":{"start":{"line":19,"column":17},"end":{"line":19,"column":19}},"loc":{"start":{"line":19,"column":22},"end":{"line":19,"column":47}},"line":19},"6":{"name":"(anonymous_6)","decl":{"start":{"line":25,"column":38},"end":{"line":25,"column":39}},"loc":{"start":{"line":25,"column":56},"end":{"line":33,"column":1}},"line":25},"7":{"name":"OptionParseError","decl":{"start":{"line":27,"column":13},"end":{"line":27,"column":29}},"loc":{"start":{"line":27,"column":35},"end":{"line":31,"column":5}},"line":27},"8":{"name":"(anonymous_8)","decl":{"start":{"line":40,"column":30},"end":{"line":40,"column":31}},"loc":{"start":{"line":40,"column":42},"end":{"line":97,"column":1}},"line":40},"9":{"name":"Runnable","decl":{"start":{"line":41,"column":13},"end":{"line":41,"column":21}},"loc":{"start":{"line":41,"column":42},"end":{"line":50,"column":5}},"line":41},"10":{"name":"(anonymous_10)","decl":{"start":{"line":51,"column":30},"end":{"line":51,"column":31}},"loc":{"start":{"line":51,"column":42},"end":{"line":53,"column":5}},"line":51},"11":{"name":"(anonymous_11)","decl":{"start":{"line":54,"column":40},"end":{"line":54,"column":41}},"loc":{"start":{"line":54,"column":56},"end":{"line":95,"column":5}},"line":54},"12":{"name":"(anonymous_12)","decl":{"start":{"line":58,"column":41},"end":{"line":58,"column":42}},"loc":{"start":{"line":58,"column":62},"end":{"line":90,"column":9}},"line":58},"13":{"name":"(anonymous_13)","decl":{"start":{"line":67,"column":83},"end":{"line":67,"column":84}},"loc":{"start":{"line":67,"column":97},"end":{"line":70,"column":21}},"line":67},"14":{"name":"(anonymous_14)","decl":{"start":{"line":70,"column":28},"end":{"line":70,"column":29}},"loc":{"start":{"line":70,"column":42},"end":{"line":73,"column":21}},"line":70}},"branchMap":{"0":{"loc":{"start":{"line":8,"column":16},"end":{"line":22,"column":4}},"type":"binary-expr","locations":[{"start":{"line":8,"column":17},"end":{"line":8,"column":21}},{"start":{"line":8,"column":25},"end":{"line":8,"column":39}},{"start":{"line":8,"column":44},"end":{"line":22,"column":4}}],"line":8},"1":{"loc":{"start":{"line":10,"column":24},"end":{"line":12,"column":109}},"type":"binary-expr","locations":[{"start":{"line":10,"column":24},"end":{"line":10,"column":45}},{"start":{"line":11,"column":13},"end":{"line":11,"column":47}},{"start":{"line":11,"column":51},"end":{"line":11,"column":87}},{"start":{"line":12,"column":12},"end":{"line":12,"column":109}}],"line":10},"2":{"loc":{"start":{"line":12,"column":47},"end":{"line":12,"column":107}},"type":"if","locations":[{"start":{"line":12,"column":47},"end":{"line":12,"column":107}},{"start":{},"end":{}}],"line":12},"3":{"loc":{"start":{"line":16,"column":8},"end":{"line":17,"column":102}},"type":"if","locations":[{"start":{"line":16,"column":8},"end":{"line":17,"column":102}},{"start":{},"end":{}}],"line":16},"4":{"loc":{"start":{"line":16,"column":12},"end":{"line":16,"column":49}},"type":"binary-expr","locations":[{"start":{"line":16,"column":12},"end":{"line":16,"column":35}},{"start":{"line":16,"column":39},"end":{"line":16,"column":49}}],"line":16},"5":{"loc":{"start":{"line":20,"column":22},"end":{"line":20,"column":92}},"type":"cond-expr","locations":[{"start":{"line":20,"column":35},"end":{"line":20,"column":51}},{"start":{"line":20,"column":55},"end":{"line":20,"column":91}}],"line":20},"6":{"loc":{"start":{"line":28,"column":20},"end":{"line":28,"column":50}},"type":"binary-expr","locations":[{"start":{"line":28,"column":20},"end":{"line":28,"column":42}},{"start":{"line":28,"column":46},"end":{"line":28,"column":50}}],"line":28},"7":{"loc":{"start":{"line":43,"column":8},"end":{"line":45,"column":9}},"type":"if","locations":[{"start":{"line":43,"column":8},"end":{"line":45,"column":9}},{"start":{},"end":{}}],"line":43},"8":{"loc":{"start":{"line":60,"column":12},"end":{"line":88,"column":13}},"type":"if","locations":[{"start":{"line":60,"column":12},"end":{"line":88,"column":13}},{"start":{"line":86,"column":17},"end":{"line":88,"column":13}}],"line":60},"9":{"loc":{"start":{"line":62,"column":16},"end":{"line":83,"column":17}},"type":"if","locations":[{"start":{"line":62,"column":16},"end":{"line":83,"column":17}},{"start":{},"end":{}}],"line":62},"10":{"loc":{"start":{"line":63,"column":20},"end":{"line":65,"column":21}},"type":"if","locations":[{"start":{"line":63,"column":20},"end":{"line":65,"column":21}},{"start":{},"end":{}}],"line":63},"11":{"loc":{"start":{"line":67,"column":30},"end":{"line":73,"column":66}},"type":"cond-expr","locations":[{"start":{"line":73,"column":52},"end":{"line":73,"column":58}},{"start":{"line":73,"column":61},"end":{"line":73,"column":66}}],"line":67},"12":{"loc":{"start":{"line":67,"column":30},"end":{"line":73,"column":49}},"type":"binary-expr","locations":[{"start":{"line":67,"column":30},"end":{"line":73,"column":32}},{"start":{"line":73,"column":36},"end":{"line":73,"column":49}}],"line":67},"13":{"loc":{"start":{"line":69,"column":31},"end":{"line":69,"column":84}},"type":"cond-expr","locations":[{"start":{"line":69,"column":40},"end":{"line":69,"column":61}},{"start":{"line":69,"column":64},"end":{"line":69,"column":84}}],"line":69},"14":{"loc":{"start":{"line":72,"column":32},"end":{"line":72,"column":130}},"type":"binary-expr","locations":[{"start":{"line":72,"column":32},"end":{"line":72,"column":44}},{"start":{"line":72,"column":49},"end":{"line":72,"column":129}}],"line":72},"15":{"loc":{"start":{"line":72,"column":49},"end":{"line":72,"column":129}},"type":"cond-expr","locations":[{"start":{"line":72,"column":96},"end":{"line":72,"column":102}},{"start":{"line":72,"column":105},"end":{"line":72,"column":129}}],"line":72},"16":{"loc":{"start":{"line":72,"column":49},"end":{"line":72,"column":93}},"type":"binary-expr","locations":[{"start":{"line":72,"column":49},"end":{"line":72,"column":68}},{"start":{"line":72,"column":72},"end":{"line":72,"column":93}}],"line":72},"17":{"loc":{"start":{"line":74,"column":20},"end":{"line":76,"column":21}},"type":"if","locations":[{"start":{"line":74,"column":20},"end":{"line":76,"column":21}},{"start":{},"end":{}}],"line":74},"18":{"loc":{"start":{"line":78,"column":20},"end":{"line":81,"column":21}},"type":"if","locations":[{"start":{"line":78,"column":20},"end":{"line":81,"column":21}},{"start":{},"end":{}}],"line":78},"19":{"loc":{"start":{"line":91,"column":8},"end":{"line":93,"column":9}},"type":"if","locations":[{"start":{"line":91,"column":8},"end":{"line":93,"column":9}},{"start":{},"end":{}}],"line":91}},"s":{"0":1,"1":1,"2":1,"3":0,"4":0,"5":0,"6":0,"7":1,"8":1,"9":1,"10":0,"11":1,"12":1,"13":1,"14":1,"15":1,"16":1,"17":1,"18":0,"19":0,"20":0,"21":1,"22":1,"23":1,"24":1,"25":1,"26":0,"27":1,"28":1,"29":1,"30":1,"31":1,"32":1,"33":1,"34":0,"35":1,"36":1,"37":1,"38":1,"39":1,"40":0,"41":0,"42":0,"43":0,"44":0,"45":0,"46":0,"47":0,"48":0,"49":0,"50":0,"51":0,"52":0,"53":0,"54":0,"55":0,"56":0,"57":0,"58":0,"59":0,"60":0,"61":0,"62":0,"63":0,"64":0,"65":1,"66":0,"67":1,"68":1,"69":1},"f":{"0":1,"1":1,"2":0,"3":0,"4":1,"5":1,"6":1,"7":0,"8":1,"9":1,"10":0,"11":1,"12":0,"13":0,"14":0},"b":{"0":[1,0,1],"1":[1,0,0,0],"2":[0,0],"3":[0,1],"4":[1,0],"5":[0,1],"6":[0,0],"7":[0,1],"8":[0,0],"9":[0,0],"10":[0,0],"11":[0,0],"12":[0,0],"13":[0,0],"14":[0,0],"15":[0,0],"16":[0,0],"17":[0,0],"18":[0,0],"19":[0,1]},"_coverageSchema":"1a1c01bbd47fc00a2c39e90264f33305004495a9","hash":"874c9a6c9329b74ad8e6278ed1a217b02e5c87f0"}
,"D:\\project\\@npm\\electron-react\\bin\\runnable\\install\\index.js": {"path":"D:\\project\\@npm\\electron-react\\bin\\runnable\\install\\index.js","statementMap":{"0":{"start":{"line":8,"column":16},"end":{"line":22,"column":4}},"1":{"start":{"line":9,"column":24},"end":{"line":14,"column":5}},"2":{"start":{"line":10,"column":8},"end":{"line":12,"column":110}},"3":{"start":{"line":11,"column":69},"end":{"line":11,"column":85}},"4":{"start":{"line":12,"column":30},"end":{"line":12,"column":107}},"5":{"start":{"line":12,"column":47},"end":{"line":12,"column":107}},"6":{"start":{"line":12,"column":95},"end":{"line":12,"column":107}},"7":{"start":{"line":13,"column":8},"end":{"line":13,"column":35}},"8":{"start":{"line":15,"column":4},"end":{"line":21,"column":6}},"9":{"start":{"line":16,"column":8},"end":{"line":17,"column":102}},"10":{"start":{"line":17,"column":12},"end":{"line":17,"column":102}},"11":{"start":{"line":18,"column":8},"end":{"line":18,"column":28}},"12":{"start":{"line":19,"column":24},"end":{"line":19,"column":45}},"13":{"start":{"line":20,"column":8},"end":{"line":20,"column":93}},"14":{"start":{"line":23,"column":16},"end":{"line":31,"column":1}},"15":{"start":{"line":24,"column":28},"end":{"line":24,"column":110}},"16":{"start":{"line":24,"column":91},"end":{"line":24,"column":106}},"17":{"start":{"line":25,"column":4},"end":{"line":30,"column":7}},"18":{"start":{"line":26,"column":36},"end":{"line":26,"column":97}},"19":{"start":{"line":26,"column":42},"end":{"line":26,"column":70}},"20":{"start":{"line":26,"column":85},"end":{"line":26,"column":95}},"21":{"start":{"line":27,"column":35},"end":{"line":27,"column":100}},"22":{"start":{"line":27,"column":41},"end":{"line":27,"column":73}},"23":{"start":{"line":27,"column":88},"end":{"line":27,"column":98}},"24":{"start":{"line":28,"column":32},"end":{"line":28,"column":116}},"25":{"start":{"line":29,"column":8},"end":{"line":29,"column":78}},"26":{"start":{"line":32,"column":18},"end":{"line":58,"column":1}},"27":{"start":{"line":33,"column":12},"end":{"line":33,"column":104}},"28":{"start":{"line":33,"column":43},"end":{"line":33,"column":68}},"29":{"start":{"line":33,"column":57},"end":{"line":33,"column":68}},"30":{"start":{"line":33,"column":69},"end":{"line":33,"column":81}},"31":{"start":{"line":34,"column":4},"end":{"line":34,"column":157}},"32":{"start":{"line":34,"column":138},"end":{"line":34,"column":150}},"33":{"start":{"line":35,"column":23},"end":{"line":35,"column":68}},"34":{"start":{"line":35,"column":45},"end":{"line":35,"column":65}},"35":{"start":{"line":37,"column":8},"end":{"line":37,"column":70}},"36":{"start":{"line":37,"column":15},"end":{"line":37,"column":70}},"37":{"start":{"line":38,"column":8},"end":{"line":55,"column":66}},"38":{"start":{"line":38,"column":18},"end":{"line":55,"column":66}},"39":{"start":{"line":39,"column":12},"end":{"line":39,"column":169}},"40":{"start":{"line":39,"column":160},"end":{"line":39,"column":169}},"41":{"start":{"line":40,"column":12},"end":{"line":40,"column":52}},"42":{"start":{"line":40,"column":26},"end":{"line":40,"column":52}},"43":{"start":{"line":41,"column":12},"end":{"line":53,"column":13}},"44":{"start":{"line":42,"column":32},"end":{"line":42,"column":39}},"45":{"start":{"line":42,"column":40},"end":{"line":42,"column":46}},"46":{"start":{"line":43,"column":24},"end":{"line":43,"column":34}},"47":{"start":{"line":43,"column":35},"end":{"line":43,"column":72}},"48":{"start":{"line":44,"column":24},"end":{"line":44,"column":34}},"49":{"start":{"line":44,"column":35},"end":{"line":44,"column":45}},"50":{"start":{"line":44,"column":46},"end":{"line":44,"column":55}},"51":{"start":{"line":44,"column":56},"end":{"line":44,"column":65}},"52":{"start":{"line":45,"column":24},"end":{"line":45,"column":41}},"53":{"start":{"line":45,"column":42},"end":{"line":45,"column":55}},"54":{"start":{"line":45,"column":56},"end":{"line":45,"column":65}},"55":{"start":{"line":47,"column":20},"end":{"line":47,"column":128}},"56":{"start":{"line":47,"column":110},"end":{"line":47,"column":116}},"57":{"start":{"line":47,"column":117},"end":{"line":47,"column":126}},"58":{"start":{"line":48,"column":20},"end":{"line":48,"column":106}},"59":{"start":{"line":48,"column":81},"end":{"line":48,"column":97}},"60":{"start":{"line":48,"column":98},"end":{"line":48,"column":104}},"61":{"start":{"line":49,"column":20},"end":{"line":49,"column":89}},"62":{"start":{"line":49,"column":57},"end":{"line":49,"column":72}},"63":{"start":{"line":49,"column":73},"end":{"line":49,"column":80}},"64":{"start":{"line":49,"column":81},"end":{"line":49,"column":87}},"65":{"start":{"line":50,"column":20},"end":{"line":50,"column":87}},"66":{"start":{"line":50,"column":47},"end":{"line":50,"column":62}},"67":{"start":{"line":50,"column":63},"end":{"line":50,"column":78}},"68":{"start":{"line":50,"column":79},"end":{"line":50,"column":85}},"69":{"start":{"line":51,"column":20},"end":{"line":51,"column":42}},"70":{"start":{"line":51,"column":30},"end":{"line":51,"column":42}},"71":{"start":{"line":52,"column":20},"end":{"line":52,"column":33}},"72":{"start":{"line":52,"column":34},"end":{"line":52,"column":43}},"73":{"start":{"line":54,"column":12},"end":{"line":54,"column":39}},"74":{"start":{"line":55,"column":22},"end":{"line":55,"column":34}},"75":{"start":{"line":55,"column":35},"end":{"line":55,"column":41}},"76":{"start":{"line":55,"column":54},"end":{"line":55,"column":64}},"77":{"start":{"line":56,"column":8},"end":{"line":56,"column":35}},"78":{"start":{"line":56,"column":23},"end":{"line":56,"column":35}},"79":{"start":{"line":56,"column":36},"end":{"line":56,"column":89}},"80":{"start":{"line":59,"column":20},"end":{"line":67,"column":1}},"81":{"start":{"line":60,"column":4},"end":{"line":65,"column":5}},"82":{"start":{"line":60,"column":40},"end":{"line":65,"column":5}},"83":{"start":{"line":60,"column":53},"end":{"line":60,"column":54}},"84":{"start":{"line":60,"column":60},"end":{"line":60,"column":71}},"85":{"start":{"line":61,"column":8},"end":{"line":64,"column":9}},"86":{"start":{"line":62,"column":12},"end":{"line":62,"column":65}},"87":{"start":{"line":62,"column":21},"end":{"line":62,"column":65}},"88":{"start":{"line":63,"column":12},"end":{"line":63,"column":28}},"89":{"start":{"line":66,"column":4},"end":{"line":66,"column":61}},"90":{"start":{"line":68,"column":0},"end":{"line":68,"column":62}},"91":{"start":{"line":69,"column":10},"end":{"line":69,"column":26}},"92":{"start":{"line":70,"column":10},"end":{"line":70,"column":23}},"93":{"start":{"line":71,"column":18},"end":{"line":71,"column":46}},"94":{"start":{"line":72,"column":12},"end":{"line":72,"column":38}},"95":{"start":{"line":73,"column":21},"end":{"line":73,"column":52}},"96":{"start":{"line":74,"column":13},"end":{"line":74,"column":36}},"97":{"start":{"line":75,"column":15},"end":{"line":75,"column":47}},"98":{"start":{"line":83,"column":33},"end":{"line":209,"column":14}},"99":{"start":{"line":84,"column":4},"end":{"line":84,"column":35}},"100":{"start":{"line":86,"column":8},"end":{"line":86,"column":66}},"101":{"start":{"line":88,"column":4},"end":{"line":102,"column":6}},"102":{"start":{"line":89,"column":8},"end":{"line":101,"column":11}},"103":{"start":{"line":90,"column":12},"end":{"line":100,"column":15}},"104":{"start":{"line":91,"column":16},"end":{"line":99,"column":17}},"105":{"start":{"line":93,"column":24},"end":{"line":93,"column":81}},"106":{"start":{"line":93,"column":57},"end":{"line":93,"column":81}},"107":{"start":{"line":94,"column":24},"end":{"line":94,"column":64}},"108":{"start":{"line":96,"column":24},"end":{"line":96,"column":34}},"109":{"start":{"line":97,"column":24},"end":{"line":97,"column":48}},"110":{"start":{"line":98,"column":28},"end":{"line":98,"column":84}},"111":{"start":{"line":103,"column":4},"end":{"line":124,"column":6}},"112":{"start":{"line":104,"column":8},"end":{"line":123,"column":11}},"113":{"start":{"line":106,"column":12},"end":{"line":122,"column":15}},"114":{"start":{"line":107,"column":16},"end":{"line":121,"column":17}},"115":{"start":{"line":109,"column":24},"end":{"line":109,"column":60}},"116":{"start":{"line":110,"column":24},"end":{"line":110,"column":67}},"117":{"start":{"line":111,"column":24},"end":{"line":111,"column":63}},"118":{"start":{"line":112,"column":24},"end":{"line":112,"column":85}},"119":{"start":{"line":114,"column":24},"end":{"line":114,"column":49}},"120":{"start":{"line":115,"column":24},"end":{"line":115,"column":64}},"121":{"start":{"line":116,"column":24},"end":{"line":116,"column":59}},"122":{"start":{"line":117,"column":24},"end":{"line":117,"column":40}},"123":{"start":{"line":118,"column":24},"end":{"line":118,"column":60}},"124":{"start":{"line":120,"column":24},"end":{"line":120,"column":69}},"125":{"start":{"line":128,"column":4},"end":{"line":141,"column":6}},"126":{"start":{"line":130,"column":23},"end":{"line":132,"column":98}},"127":{"start":{"line":132,"column":53},"end":{"line":132,"column":88}},"128":{"start":{"line":133,"column":19},"end":{"line":136,"column":25}},"129":{"start":{"line":137,"column":27},"end":{"line":139,"column":14}},"130":{"start":{"line":138,"column":12},"end":{"line":138,"column":83}},"131":{"start":{"line":140,"column":8},"end":{"line":140,"column":28}},"132":{"start":{"line":148,"column":4},"end":{"line":164,"column":6}},"133":{"start":{"line":149,"column":8},"end":{"line":163,"column":11}},"134":{"start":{"line":151,"column":24},"end":{"line":151,"column":28}},"135":{"start":{"line":152,"column":12},"end":{"line":162,"column":15}},"136":{"start":{"line":153,"column":16},"end":{"line":161,"column":17}},"137":{"start":{"line":154,"column":28},"end":{"line":154,"column":178}},"138":{"start":{"line":154,"column":93},"end":{"line":154,"column":172}},"139":{"start":{"line":156,"column":24},"end":{"line":156,"column":52}},"140":{"start":{"line":157,"column":24},"end":{"line":157,"column":123}},"141":{"start":{"line":159,"column":24},"end":{"line":159,"column":45}},"142":{"start":{"line":160,"column":24},"end":{"line":160,"column":56}},"143":{"start":{"line":165,"column":4},"end":{"line":171,"column":6}},"144":{"start":{"line":166,"column":8},"end":{"line":170,"column":11}},"145":{"start":{"line":167,"column":12},"end":{"line":169,"column":15}},"146":{"start":{"line":168,"column":16},"end":{"line":168,"column":61}},"147":{"start":{"line":172,"column":4},"end":{"line":183,"column":6}},"148":{"start":{"line":173,"column":8},"end":{"line":182,"column":11}},"149":{"start":{"line":174,"column":12},"end":{"line":181,"column":15}},"150":{"start":{"line":175,"column":16},"end":{"line":180,"column":17}},"151":{"start":{"line":176,"column":28},"end":{"line":176,"column":82}},"152":{"start":{"line":178,"column":24},"end":{"line":178,"column":34}},"153":{"start":{"line":179,"column":24},"end":{"line":179,"column":69}},"154":{"start":{"line":184,"column":4},"end":{"line":190,"column":6}},"155":{"start":{"line":185,"column":8},"end":{"line":189,"column":11}},"156":{"start":{"line":186,"column":12},"end":{"line":188,"column":15}},"157":{"start":{"line":187,"column":16},"end":{"line":187,"column":61}},"158":{"start":{"line":191,"column":4},"end":{"line":191,"column":37}},"159":{"start":{"line":192,"column":4},"end":{"line":192,"column":40}},"160":{"start":{"line":193,"column":4},"end":{"line":193,"column":32}},"161":{"start":{"line":194,"column":4},"end":{"line":207,"column":6}},"162":{"start":{"line":208,"column":4},"end":{"line":208,"column":23}},"163":{"start":{"line":210,"column":0},"end":{"line":210,"column":30}}},"fnMap":{"0":{"name":"(anonymous_0)","decl":{"start":{"line":8,"column":45},"end":{"line":8,"column":46}},"loc":{"start":{"line":8,"column":57},"end":{"line":22,"column":1}},"line":8},"1":{"name":"(anonymous_1)","decl":{"start":{"line":9,"column":24},"end":{"line":9,"column":25}},"loc":{"start":{"line":9,"column":40},"end":{"line":14,"column":5}},"line":9},"2":{"name":"(anonymous_2)","decl":{"start":{"line":11,"column":51},"end":{"line":11,"column":52}},"loc":{"start":{"line":11,"column":67},"end":{"line":11,"column":87}},"line":11},"3":{"name":"(anonymous_3)","decl":{"start":{"line":12,"column":12},"end":{"line":12,"column":13}},"loc":{"start":{"line":12,"column":28},"end":{"line":12,"column":109}},"line":12},"4":{"name":"(anonymous_4)","decl":{"start":{"line":15,"column":11},"end":{"line":15,"column":12}},"loc":{"start":{"line":15,"column":27},"end":{"line":21,"column":5}},"line":15},"5":{"name":"__","decl":{"start":{"line":19,"column":17},"end":{"line":19,"column":19}},"loc":{"start":{"line":19,"column":22},"end":{"line":19,"column":47}},"line":19},"6":{"name":"(anonymous_6)","decl":{"start":{"line":23,"column":44},"end":{"line":23,"column":45}},"loc":{"start":{"line":23,"column":89},"end":{"line":31,"column":1}},"line":23},"7":{"name":"adopt","decl":{"start":{"line":24,"column":13},"end":{"line":24,"column":18}},"loc":{"start":{"line":24,"column":26},"end":{"line":24,"column":112}},"line":24},"8":{"name":"(anonymous_8)","decl":{"start":{"line":24,"column":70},"end":{"line":24,"column":71}},"loc":{"start":{"line":24,"column":89},"end":{"line":24,"column":108}},"line":24},"9":{"name":"(anonymous_9)","decl":{"start":{"line":25,"column":36},"end":{"line":25,"column":37}},"loc":{"start":{"line":25,"column":63},"end":{"line":30,"column":5}},"line":25},"10":{"name":"fulfilled","decl":{"start":{"line":26,"column":17},"end":{"line":26,"column":26}},"loc":{"start":{"line":26,"column":34},"end":{"line":26,"column":99}},"line":26},"11":{"name":"rejected","decl":{"start":{"line":27,"column":17},"end":{"line":27,"column":25}},"loc":{"start":{"line":27,"column":33},"end":{"line":27,"column":102}},"line":27},"12":{"name":"step","decl":{"start":{"line":28,"column":17},"end":{"line":28,"column":21}},"loc":{"start":{"line":28,"column":30},"end":{"line":28,"column":118}},"line":28},"13":{"name":"(anonymous_13)","decl":{"start":{"line":32,"column":48},"end":{"line":32,"column":49}},"loc":{"start":{"line":32,"column":73},"end":{"line":58,"column":1}},"line":32},"14":{"name":"(anonymous_14)","decl":{"start":{"line":33,"column":30},"end":{"line":33,"column":31}},"loc":{"start":{"line":33,"column":41},"end":{"line":33,"column":83}},"line":33},"15":{"name":"(anonymous_15)","decl":{"start":{"line":34,"column":125},"end":{"line":34,"column":126}},"loc":{"start":{"line":34,"column":136},"end":{"line":34,"column":152}},"line":34},"16":{"name":"verb","decl":{"start":{"line":35,"column":13},"end":{"line":35,"column":17}},"loc":{"start":{"line":35,"column":21},"end":{"line":35,"column":70}},"line":35},"17":{"name":"(anonymous_17)","decl":{"start":{"line":35,"column":30},"end":{"line":35,"column":31}},"loc":{"start":{"line":35,"column":43},"end":{"line":35,"column":67}},"line":35},"18":{"name":"step","decl":{"start":{"line":36,"column":13},"end":{"line":36,"column":17}},"loc":{"start":{"line":36,"column":22},"end":{"line":57,"column":5}},"line":36},"19":{"name":"(anonymous_19)","decl":{"start":{"line":59,"column":52},"end":{"line":59,"column":53}},"loc":{"start":{"line":59,"column":78},"end":{"line":67,"column":1}},"line":59},"20":{"name":"(anonymous_20)","decl":{"start":{"line":83,"column":33},"end":{"line":83,"column":34}},"loc":{"start":{"line":83,"column":51},"end":{"line":209,"column":1}},"line":83},"21":{"name":"InstallTask","decl":{"start":{"line":85,"column":13},"end":{"line":85,"column":24}},"loc":{"start":{"line":85,"column":31},"end":{"line":87,"column":5}},"line":85},"22":{"name":"(anonymous_22)","decl":{"start":{"line":88,"column":33},"end":{"line":88,"column":34}},"loc":{"start":{"line":88,"column":45},"end":{"line":102,"column":5}},"line":88},"23":{"name":"(anonymous_23)","decl":{"start":{"line":89,"column":47},"end":{"line":89,"column":48}},"loc":{"start":{"line":89,"column":59},"end":{"line":101,"column":9}},"line":89},"24":{"name":"(anonymous_24)","decl":{"start":{"line":90,"column":37},"end":{"line":90,"column":38}},"loc":{"start":{"line":90,"column":51},"end":{"line":100,"column":13}},"line":90},"25":{"name":"(anonymous_25)","decl":{"start":{"line":103,"column":39},"end":{"line":103,"column":40}},"loc":{"start":{"line":103,"column":51},"end":{"line":124,"column":5}},"line":103},"26":{"name":"(anonymous_26)","decl":{"start":{"line":104,"column":47},"end":{"line":104,"column":48}},"loc":{"start":{"line":104,"column":59},"end":{"line":123,"column":9}},"line":104},"27":{"name":"(anonymous_27)","decl":{"start":{"line":106,"column":37},"end":{"line":106,"column":38}},"loc":{"start":{"line":106,"column":51},"end":{"line":122,"column":13}},"line":106},"28":{"name":"(anonymous_28)","decl":{"start":{"line":128,"column":45},"end":{"line":128,"column":46}},"loc":{"start":{"line":128,"column":57},"end":{"line":141,"column":5}},"line":128},"29":{"name":"(anonymous_29)","decl":{"start":{"line":132,"column":38},"end":{"line":132,"column":39}},"loc":{"start":{"line":132,"column":51},"end":{"line":132,"column":90}},"line":132},"30":{"name":"(anonymous_30)","decl":{"start":{"line":137,"column":43},"end":{"line":137,"column":44}},"loc":{"start":{"line":137,"column":68},"end":{"line":139,"column":9}},"line":137},"31":{"name":"(anonymous_31)","decl":{"start":{"line":148,"column":48},"end":{"line":148,"column":49}},"loc":{"start":{"line":148,"column":72},"end":{"line":164,"column":5}},"line":148},"32":{"name":"(anonymous_32)","decl":{"start":{"line":149,"column":47},"end":{"line":149,"column":48}},"loc":{"start":{"line":149,"column":59},"end":{"line":163,"column":9}},"line":149},"33":{"name":"(anonymous_33)","decl":{"start":{"line":152,"column":37},"end":{"line":152,"column":38}},"loc":{"start":{"line":152,"column":51},"end":{"line":162,"column":13}},"line":152},"34":{"name":"(anonymous_34)","decl":{"start":{"line":154,"column":78},"end":{"line":154,"column":79}},"loc":{"start":{"line":154,"column":91},"end":{"line":154,"column":174}},"line":154},"35":{"name":"(anonymous_35)","decl":{"start":{"line":165,"column":38},"end":{"line":165,"column":39}},"loc":{"start":{"line":165,"column":62},"end":{"line":171,"column":5}},"line":165},"36":{"name":"(anonymous_36)","decl":{"start":{"line":166,"column":47},"end":{"line":166,"column":48}},"loc":{"start":{"line":166,"column":59},"end":{"line":170,"column":9}},"line":166},"37":{"name":"(anonymous_37)","decl":{"start":{"line":167,"column":37},"end":{"line":167,"column":38}},"loc":{"start":{"line":167,"column":51},"end":{"line":169,"column":13}},"line":167},"38":{"name":"(anonymous_38)","decl":{"start":{"line":172,"column":46},"end":{"line":172,"column":47}},"loc":{"start":{"line":172,"column":65},"end":{"line":183,"column":5}},"line":172},"39":{"name":"(anonymous_39)","decl":{"start":{"line":173,"column":47},"end":{"line":173,"column":48}},"loc":{"start":{"line":173,"column":59},"end":{"line":182,"column":9}},"line":173},"40":{"name":"(anonymous_40)","decl":{"start":{"line":174,"column":37},"end":{"line":174,"column":38}},"loc":{"start":{"line":174,"column":51},"end":{"line":181,"column":13}},"line":174},"41":{"name":"(anonymous_41)","decl":{"start":{"line":184,"column":46},"end":{"line":184,"column":47}},"loc":{"start":{"line":184,"column":65},"end":{"line":190,"column":5}},"line":184},"42":{"name":"(anonymous_42)","decl":{"start":{"line":185,"column":47},"end":{"line":185,"column":48}},"loc":{"start":{"line":185,"column":59},"end":{"line":189,"column":9}},"line":185},"43":{"name":"(anonymous_43)","decl":{"start":{"line":186,"column":37},"end":{"line":186,"column":38}},"loc":{"start":{"line":186,"column":51},"end":{"line":188,"column":13}},"line":186}},"branchMap":{"0":{"loc":{"start":{"line":8,"column":16},"end":{"line":22,"column":4}},"type":"binary-expr","locations":[{"start":{"line":8,"column":17},"end":{"line":8,"column":21}},{"start":{"line":8,"column":25},"end":{"line":8,"column":39}},{"start":{"line":8,"column":44},"end":{"line":22,"column":4}}],"line":8},"1":{"loc":{"start":{"line":10,"column":24},"end":{"line":12,"column":109}},"type":"binary-expr","locations":[{"start":{"line":10,"column":24},"end":{"line":10,"column":45}},{"start":{"line":11,"column":13},"end":{"line":11,"column":47}},{"start":{"line":11,"column":51},"end":{"line":11,"column":87}},{"start":{"line":12,"column":12},"end":{"line":12,"column":109}}],"line":10},"2":{"loc":{"start":{"line":12,"column":47},"end":{"line":12,"column":107}},"type":"if","locations":[{"start":{"line":12,"column":47},"end":{"line":12,"column":107}},{"start":{},"end":{}}],"line":12},"3":{"loc":{"start":{"line":16,"column":8},"end":{"line":17,"column":102}},"type":"if","locations":[{"start":{"line":16,"column":8},"end":{"line":17,"column":102}},{"start":{},"end":{}}],"line":16},"4":{"loc":{"start":{"line":16,"column":12},"end":{"line":16,"column":49}},"type":"binary-expr","locations":[{"start":{"line":16,"column":12},"end":{"line":16,"column":35}},{"start":{"line":16,"column":39},"end":{"line":16,"column":49}}],"line":16},"5":{"loc":{"start":{"line":20,"column":22},"end":{"line":20,"column":92}},"type":"cond-expr","locations":[{"start":{"line":20,"column":35},"end":{"line":20,"column":51}},{"start":{"line":20,"column":55},"end":{"line":20,"column":91}}],"line":20},"6":{"loc":{"start":{"line":23,"column":16},"end":{"line":31,"column":1}},"type":"binary-expr","locations":[{"start":{"line":23,"column":17},"end":{"line":23,"column":21}},{"start":{"line":23,"column":25},"end":{"line":23,"column":39}},{"start":{"line":23,"column":44},"end":{"line":31,"column":1}}],"line":23},"7":{"loc":{"start":{"line":24,"column":35},"end":{"line":24,"column":109}},"type":"cond-expr","locations":[{"start":{"line":24,"column":56},"end":{"line":24,"column":61}},{"start":{"line":24,"column":64},"end":{"line":24,"column":109}}],"line":24},"8":{"loc":{"start":{"line":25,"column":16},"end":{"line":25,"column":34}},"type":"binary-expr","locations":[{"start":{"line":25,"column":16},"end":{"line":25,"column":17}},{"start":{"line":25,"column":22},"end":{"line":25,"column":33}}],"line":25},"9":{"loc":{"start":{"line":28,"column":32},"end":{"line":28,"column":115}},"type":"cond-expr","locations":[{"start":{"line":28,"column":46},"end":{"line":28,"column":67}},{"start":{"line":28,"column":70},"end":{"line":28,"column":115}}],"line":28},"10":{"loc":{"start":{"line":29,"column":51},"end":{"line":29,"column":67}},"type":"binary-expr","locations":[{"start":{"line":29,"column":51},"end":{"line":29,"column":61}},{"start":{"line":29,"column":65},"end":{"line":29,"column":67}}],"line":29},"11":{"loc":{"start":{"line":32,"column":18},"end":{"line":58,"column":1}},"type":"binary-expr","locations":[{"start":{"line":32,"column":19},"end":{"line":32,"column":23}},{"start":{"line":32,"column":27},"end":{"line":32,"column":43}},{"start":{"line":32,"column":48},"end":{"line":58,"column":1}}],"line":32},"12":{"loc":{"start":{"line":33,"column":43},"end":{"line":33,"column":68}},"type":"if","locations":[{"start":{"line":33,"column":43},"end":{"line":33,"column":68}},{"start":{},"end":{}}],"line":33},"13":{"loc":{"start":{"line":34,"column":71},"end":{"line":34,"column":153}},"type":"binary-expr","locations":[{"start":{"line":34,"column":71},"end":{"line":34,"column":99}},{"start":{"line":34,"column":104},"end":{"line":34,"column":152}}],"line":34},"14":{"loc":{"start":{"line":37,"column":8},"end":{"line":37,"column":70}},"type":"if","locations":[{"start":{"line":37,"column":8},"end":{"line":37,"column":70}},{"start":{},"end":{}}],"line":37},"15":{"loc":{"start":{"line":39,"column":12},"end":{"line":39,"column":169}},"type":"if","locations":[{"start":{"line":39,"column":12},"end":{"line":39,"column":169}},{"start":{},"end":{}}],"line":39},"16":{"loc":{"start":{"line":39,"column":23},"end":{"line":39,"column":158}},"type":"binary-expr","locations":[{"start":{"line":39,"column":23},"end":{"line":39,"column":24}},{"start":{"line":39,"column":29},"end":{"line":39,"column":125}},{"start":{"line":39,"column":130},"end":{"line":39,"column":158}}],"line":39},"17":{"loc":{"start":{"line":39,"column":33},"end":{"line":39,"column":125}},"type":"cond-expr","locations":[{"start":{"line":39,"column":45},"end":{"line":39,"column":56}},{"start":{"line":39,"column":59},"end":{"line":39,"column":125}}],"line":39},"18":{"loc":{"start":{"line":39,"column":59},"end":{"line":39,"column":125}},"type":"cond-expr","locations":[{"start":{"line":39,"column":67},"end":{"line":39,"column":116}},{"start":{"line":39,"column":119},"end":{"line":39,"column":125}}],"line":39},"19":{"loc":{"start":{"line":39,"column":67},"end":{"line":39,"column":116}},"type":"binary-expr","locations":[{"start":{"line":39,"column":67},"end":{"line":39,"column":77}},{"start":{"line":39,"column":82},"end":{"line":39,"column":115}}],"line":39},"20":{"loc":{"start":{"line":39,"column":82},"end":{"line":39,"column":112}},"type":"binary-expr","locations":[{"start":{"line":39,"column":83},"end":{"line":39,"column":98}},{"start":{"line":39,"column":103},"end":{"line":39,"column":112}}],"line":39},"21":{"loc":{"start":{"line":40,"column":12},"end":{"line":40,"column":52}},"type":"if","locations":[{"start":{"line":40,"column":12},"end":{"line":40,"column":52}},{"start":{},"end":{}}],"line":40},"22":{"loc":{"start":{"line":41,"column":12},"end":{"line":53,"column":13}},"type":"switch","locations":[{"start":{"line":42,"column":16},"end":{"line":42,"column":23}},{"start":{"line":42,"column":24},"end":{"line":42,"column":46}},{"start":{"line":43,"column":16},"end":{"line":43,"column":72}},{"start":{"line":44,"column":16},"end":{"line":44,"column":65}},{"start":{"line":45,"column":16},"end":{"line":45,"column":65}},{"start":{"line":46,"column":16},"end":{"line":52,"column":43}}],"line":41},"23":{"loc":{"start":{"line":47,"column":20},"end":{"line":47,"column":128}},"type":"if","locations":[{"start":{"line":47,"column":20},"end":{"line":47,"column":128}},{"start":{},"end":{}}],"line":47},"24":{"loc":{"start":{"line":47,"column":24},"end":{"line":47,"column":106}},"type":"binary-expr","locations":[{"start":{"line":47,"column":24},"end":{"line":47,"column":74}},{"start":{"line":47,"column":79},"end":{"line":47,"column":90}},{"start":{"line":47,"column":94},"end":{"line":47,"column":105}}],"line":47},"25":{"loc":{"start":{"line":47,"column":42},"end":{"line":47,"column":73}},"type":"binary-expr","locations":[{"start":{"line":47,"column":42},"end":{"line":47,"column":54}},{"start":{"line":47,"column":58},"end":{"line":47,"column":73}}],"line":47},"26":{"loc":{"start":{"line":48,"column":20},"end":{"line":48,"column":106}},"type":"if","locations":[{"start":{"line":48,"column":20},"end":{"line":48,"column":106}},{"start":{},"end":{}}],"line":48},"27":{"loc":{"start":{"line":48,"column":24},"end":{"line":48,"column":77}},"type":"binary-expr","locations":[{"start":{"line":48,"column":24},"end":{"line":48,"column":35}},{"start":{"line":48,"column":40},"end":{"line":48,"column":42}},{"start":{"line":48,"column":47},"end":{"line":48,"column":59}},{"start":{"line":48,"column":63},"end":{"line":48,"column":75}}],"line":48},"28":{"loc":{"start":{"line":49,"column":20},"end":{"line":49,"column":89}},"type":"if","locations":[{"start":{"line":49,"column":20},"end":{"line":49,"column":89}},{"start":{},"end":{}}],"line":49},"29":{"loc":{"start":{"line":49,"column":24},"end":{"line":49,"column":53}},"type":"binary-expr","locations":[{"start":{"line":49,"column":24},"end":{"line":49,"column":35}},{"start":{"line":49,"column":39},"end":{"line":49,"column":53}}],"line":49},"30":{"loc":{"start":{"line":50,"column":20},"end":{"line":50,"column":87}},"type":"if","locations":[{"start":{"line":50,"column":20},"end":{"line":50,"column":87}},{"start":{},"end":{}}],"line":50},"31":{"loc":{"start":{"line":50,"column":24},"end":{"line":50,"column":43}},"type":"binary-expr","locations":[{"start":{"line":50,"column":24},"end":{"line":50,"column":25}},{"start":{"line":50,"column":29},"end":{"line":50,"column":43}}],"line":50},"32":{"loc":{"start":{"line":51,"column":20},"end":{"line":51,"column":42}},"type":"if","locations":[{"start":{"line":51,"column":20},"end":{"line":51,"column":42}},{"start":{},"end":{}}],"line":51},"33":{"loc":{"start":{"line":56,"column":8},"end":{"line":56,"column":35}},"type":"if","locations":[{"start":{"line":56,"column":8},"end":{"line":56,"column":35}},{"start":{},"end":{}}],"line":56},"34":{"loc":{"start":{"line":56,"column":52},"end":{"line":56,"column":74}},"type":"cond-expr","locations":[{"start":{"line":56,"column":60},"end":{"line":56,"column":65}},{"start":{"line":56,"column":68},"end":{"line":56,"column":74}}],"line":56},"35":{"loc":{"start":{"line":59,"column":20},"end":{"line":67,"column":1}},"type":"binary-expr","locations":[{"start":{"line":59,"column":21},"end":{"line":59,"column":25}},{"start":{"line":59,"column":29},"end":{"line":59,"column":47}},{"start":{"line":59,"column":52},"end":{"line":67,"column":1}}],"line":59},"36":{"loc":{"start":{"line":60,"column":4},"end":{"line":65,"column":5}},"type":"if","locations":[{"start":{"line":60,"column":4},"end":{"line":65,"column":5}},{"start":{},"end":{}}],"line":60},"37":{"loc":{"start":{"line":60,"column":8},"end":{"line":60,"column":38}},"type":"binary-expr","locations":[{"start":{"line":60,"column":8},"end":{"line":60,"column":12}},{"start":{"line":60,"column":16},"end":{"line":60,"column":38}}],"line":60},"38":{"loc":{"start":{"line":61,"column":8},"end":{"line":64,"column":9}},"type":"if","locations":[{"start":{"line":61,"column":8},"end":{"line":64,"column":9}},{"start":{},"end":{}}],"line":61},"39":{"loc":{"start":{"line":61,"column":12},"end":{"line":61,"column":30}},"type":"binary-expr","locations":[{"start":{"line":61,"column":12},"end":{"line":61,"column":14}},{"start":{"line":61,"column":18},"end":{"line":61,"column":30}}],"line":61},"40":{"loc":{"start":{"line":62,"column":12},"end":{"line":62,"column":65}},"type":"if","locations":[{"start":{"line":62,"column":12},"end":{"line":62,"column":65}},{"start":{},"end":{}}],"line":62},"41":{"loc":{"start":{"line":66,"column":21},"end":{"line":66,"column":59}},"type":"binary-expr","locations":[{"start":{"line":66,"column":21},"end":{"line":66,"column":23}},{"start":{"line":66,"column":27},"end":{"line":66,"column":59}}],"line":66},"42":{"loc":{"start":{"line":86,"column":15},"end":{"line":86,"column":65}},"type":"binary-expr","locations":[{"start":{"line":86,"column":15},"end":{"line":86,"column":57}},{"start":{"line":86,"column":61},"end":{"line":86,"column":65}}],"line":86},"43":{"loc":{"start":{"line":91,"column":16},"end":{"line":99,"column":17}},"type":"switch","locations":[{"start":{"line":92,"column":20},"end":{"line":94,"column":64}},{"start":{"line":95,"column":20},"end":{"line":97,"column":48}},{"start":{"line":98,"column":20},"end":{"line":98,"column":84}}],"line":91},"44":{"loc":{"start":{"line":93,"column":24},"end":{"line":93,"column":81}},"type":"if","locations":[{"start":{"line":93,"column":24},"end":{"line":93,"column":81}},{"start":{},"end":{}}],"line":93},"45":{"loc":{"start":{"line":107,"column":16},"end":{"line":121,"column":17}},"type":"switch","locations":[{"start":{"line":108,"column":20},"end":{"line":112,"column":85}},{"start":{"line":113,"column":20},"end":{"line":120,"column":69}}],"line":107},"46":{"loc":{"start":{"line":135,"column":12},"end":{"line":135,"column":62}},"type":"cond-expr","locations":[{"start":{"line":135,"column":38},"end":{"line":135,"column":42}},{"start":{"line":135,"column":45},"end":{"line":135,"column":62}}],"line":135},"47":{"loc":{"start":{"line":153,"column":16},"end":{"line":161,"column":17}},"type":"switch","locations":[{"start":{"line":154,"column":20},"end":{"line":154,"column":178}},{"start":{"line":155,"column":20},"end":{"line":157,"column":123}},{"start":{"line":158,"column":20},"end":{"line":160,"column":56}}],"line":153},"48":{"loc":{"start":{"line":175,"column":16},"end":{"line":180,"column":17}},"type":"switch","locations":[{"start":{"line":176,"column":20},"end":{"line":176,"column":82}},{"start":{"line":177,"column":20},"end":{"line":179,"column":69}}],"line":175}},"s":{"0":1,"1":1,"2":1,"3":0,"4":0,"5":0,"6":0,"7":1,"8":1,"9":1,"10":0,"11":1,"12":1,"13":1,"14":1,"15":3,"16":0,"17":3,"18":0,"19":0,"20":0,"21":0,"22":0,"23":0,"24":3,"25":3,"26":1,"27":3,"28":0,"29":0,"30":0,"31":3,"32":0,"33":9,"34":3,"35":3,"36":0,"37":3,"38":6,"39":6,"40":0,"41":6,"42":0,"43":6,"44":3,"45":3,"46":3,"47":3,"48":0,"49":0,"50":0,"51":0,"52":0,"53":0,"54":0,"55":0,"56":0,"57":0,"58":0,"59":0,"60":0,"61":0,"62":0,"63":0,"64":0,"65":0,"66":0,"67":0,"68":0,"69":0,"70":0,"71":0,"72":0,"73":3,"74":0,"75":0,"76":6,"77":0,"78":0,"79":0,"80":1,"81":1,"82":1,"83":1,"84":1,"85":1,"86":0,"87":0,"88":0,"89":1,"90":1,"91":1,"92":1,"93":1,"94":1,"95":1,"96":1,"97":1,"98":1,"99":1,"100":1,"101":1,"102":1,"103":1,"104":1,"105":1,"106":0,"107":1,"108":0,"109":0,"110":0,"111":1,"112":1,"113":1,"114":1,"115":1,"116":1,"117":1,"118":1,"119":0,"120":0,"121":0,"122":0,"123":0,"124":0,"125":1,"126":1,"127":1,"128":1,"129":1,"130":2,"131":1,"132":1,"133":1,"134":1,"135":1,"136":1,"137":1,"138":25,"139":0,"140":0,"141":0,"142":0,"143":1,"144":0,"145":0,"146":0,"147":1,"148":0,"149":0,"150":0,"151":0,"152":0,"153":0,"154":1,"155":0,"156":0,"157":0,"158":1,"159":1,"160":1,"161":1,"162":1,"163":1},"f":{"0":1,"1":1,"2":0,"3":0,"4":1,"5":1,"6":3,"7":3,"8":0,"9":3,"10":0,"11":0,"12":3,"13":3,"14":0,"15":0,"16":9,"17":3,"18":3,"19":1,"20":1,"21":1,"22":1,"23":1,"24":1,"25":1,"26":1,"27":1,"28":1,"29":1,"30":2,"31":1,"32":1,"33":1,"34":25,"35":0,"36":0,"37":0,"38":0,"39":0,"40":0,"41":0,"42":0,"43":0},"b":{"0":[1,0,1],"1":[1,0,0,0],"2":[0,0],"3":[0,1],"4":[1,0],"5":[0,1],"6":[1,0,1],"7":[3,0],"8":[3,3],"9":[0,3],"10":[3,3],"11":[1,0,1],"12":[0,0],"13":[3,3],"14":[0,3],"15":[0,6],"16":[6,0,0],"17":[0,0],"18":[0,0],"19":[0,0],"20":[0,0],"21":[0,6],"22":[3,3,3,0,0,0],"23":[0,0],"24":[0,0,0],"25":[0,0],"26":[0,0],"27":[0,0,0,0],"28":[0,0],"29":[0,0],"30":[0,0],"31":[0,0],"32":[0,0],"33":[0,0],"34":[0,0],"35":[1,0,1],"36":[1,0],"37":[1,0],"38":[0,1],"39":[1,1],"40":[0,0],"41":[1,1],"42":[1,1],"43":[1,0,0],"44":[0,1],"45":[1,0],"46":[0,1],"47":[1,0,0],"48":[0,0]},"_coverageSchema":"1a1c01bbd47fc00a2c39e90264f33305004495a9","hash":"dacaec3e4ab412fb517ef524e8875118b6961d8a"}
,"D:\\project\\@npm\\electron-react\\bin\\runnable\\install\\utils\\lock.js": {"path":"D:\\project\\@npm\\electron-react\\bin\\runnable\\install\\utils\\lock.js","statementMap":{"0":{"start":{"line":8,"column":0},"end":{"line":8,"column":62}},"1":{"start":{"line":9,"column":0},"end":{"line":9,"column":31}},"2":{"start":{"line":10,"column":9},"end":{"line":10,"column":22}},"3":{"start":{"line":11,"column":12},"end":{"line":11,"column":41}},"4":{"start":{"line":12,"column":21},"end":{"line":34,"column":1}},"5":{"start":{"line":13,"column":17},"end":{"line":13,"column":19}},"6":{"start":{"line":14,"column":4},"end":{"line":32,"column":7}},"7":{"start":{"line":16,"column":8},"end":{"line":18,"column":9}},"8":{"start":{"line":17,"column":12},"end":{"line":17,"column":32}},"9":{"start":{"line":19,"column":25},"end":{"line":19,"column":39}},"10":{"start":{"line":20,"column":8},"end":{"line":23,"column":10}},"11":{"start":{"line":24,"column":23},"end":{"line":24,"column":100}},"12":{"start":{"line":25,"column":8},"end":{"line":31,"column":11}},"13":{"start":{"line":26,"column":23},"end":{"line":26,"column":28}},"14":{"start":{"line":26,"column":38},"end":{"line":26,"column":43}},"15":{"start":{"line":27,"column":12},"end":{"line":30,"column":14}},"16":{"start":{"line":33,"column":4},"end":{"line":33,"column":18}},"17":{"start":{"line":35,"column":10},"end":{"line":35,"column":46}},"18":{"start":{"line":36,"column":9},"end":{"line":36,"column":65}},"19":{"start":{"line":42,"column":20},"end":{"line":49,"column":1}},"20":{"start":{"line":43,"column":4},"end":{"line":45,"column":5}},"21":{"start":{"line":44,"column":8},"end":{"line":44,"column":26}},"22":{"start":{"line":46,"column":4},"end":{"line":48,"column":7}},"23":{"start":{"line":50,"column":0},"end":{"line":50,"column":38}}},"fnMap":{"0":{"name":"(anonymous_0)","decl":{"start":{"line":12,"column":21},"end":{"line":12,"column":22}},"loc":{"start":{"line":12,"column":37},"end":{"line":34,"column":1}},"line":12},"1":{"name":"(anonymous_1)","decl":{"start":{"line":14,"column":17},"end":{"line":14,"column":18}},"loc":{"start":{"line":14,"column":30},"end":{"line":32,"column":5}},"line":14},"2":{"name":"(anonymous_2)","decl":{"start":{"line":25,"column":90},"end":{"line":25,"column":91}},"loc":{"start":{"line":25,"column":104},"end":{"line":31,"column":9}},"line":25},"3":{"name":"(anonymous_3)","decl":{"start":{"line":42,"column":20},"end":{"line":42,"column":21}},"loc":{"start":{"line":42,"column":36},"end":{"line":49,"column":1}},"line":42}},"branchMap":{"0":{"loc":{"start":{"line":16,"column":8},"end":{"line":18,"column":9}},"type":"if","locations":[{"start":{"line":16,"column":8},"end":{"line":18,"column":9}},{"start":{},"end":{}}],"line":16},"1":{"loc":{"start":{"line":24,"column":23},"end":{"line":24,"column":100}},"type":"cond-expr","locations":[{"start":{"line":24,"column":80},"end":{"line":24,"column":86}},{"start":{"line":24,"column":89},"end":{"line":24,"column":100}}],"line":24},"2":{"loc":{"start":{"line":24,"column":23},"end":{"line":24,"column":77}},"type":"binary-expr","locations":[{"start":{"line":24,"column":23},"end":{"line":24,"column":60}},{"start":{"line":24,"column":64},"end":{"line":24,"column":77}}],"line":24},"3":{"loc":{"start":{"line":25,"column":23},"end":{"line":25,"column":80}},"type":"cond-expr","locations":[{"start":{"line":25,"column":73},"end":{"line":25,"column":75}},{"start":{"line":25,"column":78},"end":{"line":25,"column":80}}],"line":25},"4":{"loc":{"start":{"line":25,"column":23},"end":{"line":25,"column":70}},"type":"binary-expr","locations":[{"start":{"line":25,"column":23},"end":{"line":25,"column":53}},{"start":{"line":25,"column":57},"end":{"line":25,"column":70}}],"line":25},"5":{"loc":{"start":{"line":43,"column":4},"end":{"line":45,"column":5}},"type":"if","locations":[{"start":{"line":43,"column":4},"end":{"line":45,"column":5}},{"start":{},"end":{}}],"line":43}},"s":{"0":1,"1":1,"2":1,"3":1,"4":1,"5":0,"6":0,"7":0,"8":0,"9":0,"10":0,"11":0,"12":0,"13":0,"14":0,"15":0,"16":0,"17":1,"18":1,"19":1,"20":0,"21":0,"22":0,"23":1},"f":{"0":0,"1":0,"2":0,"3":0},"b":{"0":[0,0],"1":[0,0],"2":[0,0],"3":[0,0],"4":[0,0],"5":[0,0]},"_coverageSchema":"1a1c01bbd47fc00a2c39e90264f33305004495a9","hash":"e9c396145cdada72f9af5a4df0a100c37a2ad36a"}
,"D:\\project\\@npm\\electron-react\\bin\\runnable\\install\\utils\\read-deps.js": {"path":"D:\\project\\@npm\\electron-react\\bin\\runnable\\install\\utils\\read-deps.js","statementMap":{"0":{"start":{"line":8,"column":0},"end":{"line":8,"column":62}},"1":{"start":{"line":9,"column":0},"end":{"line":9,"column":36}},"2":{"start":{"line":10,"column":15},"end":{"line":10,"column":50}},"3":{"start":{"line":11,"column":27},"end":{"line":13,"column":1}},"4":{"start":{"line":21,"column":25},"end":{"line":49,"column":1}},"5":{"start":{"line":22,"column":17},"end":{"line":22,"column":41}},"6":{"start":{"line":23,"column":23},"end":{"line":23,"column":25}},"7":{"start":{"line":24,"column":4},"end":{"line":47,"column":7}},"8":{"start":{"line":26,"column":8},"end":{"line":30,"column":9}},"9":{"start":{"line":27,"column":12},"end":{"line":28,"column":83}},"10":{"start":{"line":29,"column":12},"end":{"line":29,"column":19}},"11":{"start":{"line":31,"column":8},"end":{"line":46,"column":11}},"12":{"start":{"line":32,"column":23},"end":{"line":32,"column":28}},"13":{"start":{"line":32,"column":40},"end":{"line":32,"column":45}},"14":{"start":{"line":33,"column":27},"end":{"line":33,"column":86}},"15":{"start":{"line":33,"column":60},"end":{"line":33,"column":83}},"16":{"start":{"line":34,"column":12},"end":{"line":45,"column":13}},"17":{"start":{"line":36,"column":16},"end":{"line":38,"column":17}},"18":{"start":{"line":37,"column":20},"end":{"line":37,"column":52}},"19":{"start":{"line":41,"column":16},"end":{"line":44,"column":19}},"20":{"start":{"line":48,"column":4},"end":{"line":48,"column":24}},"21":{"start":{"line":50,"column":0},"end":{"line":50,"column":48}}},"fnMap":{"0":{"name":"(anonymous_0)","decl":{"start":{"line":21,"column":25},"end":{"line":21,"column":26}},"loc":{"start":{"line":21,"column":50},"end":{"line":49,"column":1}},"line":21},"1":{"name":"(anonymous_1)","decl":{"start":{"line":24,"column":17},"end":{"line":24,"column":18}},"loc":{"start":{"line":24,"column":32},"end":{"line":47,"column":5}},"line":24},"2":{"name":"(anonymous_2)","decl":{"start":{"line":31,"column":88},"end":{"line":31,"column":89}},"loc":{"start":{"line"
[...]
n":8},"end":{"line":74,"column":71}},"type":"binary-expr","locations":[{"start":{"line":74,"column":8},"end":{"line":74,"column":17}},{"start":{"line":74,"column":21},"end":{"line":74,"column":71}}],"line":74},"43":{"loc":{"start":{"line":76,"column":12},"end":{"line":77,"column":34}},"type":"if","locations":[{"start":{"line":76,"column":12},"end":{"line":77,"column":34}},{"start":{},"end":{}}],"line":76},"44":{"loc":{"start":{"line":76,"column":16},"end":{"line":76,"column":90}},"type":"binary-expr","locations":[{"start":{"line":76,"column":16},"end":{"line":76,"column":35}},{"start":{"line":76,"column":39},"end":{"line":76,"column":90}}],"line":76},"45":{"loc":{"start":{"line":90,"column":16},"end":{"line":90,"column":63}},"type":"binary-expr","locations":[{"start":{"line":90,"column":16},"end":{"line":90,"column":34}},{"start":{"line":90,"column":39},"end":{"line":90,"column":62}}],"line":90},"46":{"loc":{"start":{"line":101,"column":20},"end":{"line":101,"column":50}},"type":"binary-expr","locations":[{"start":{"line":101,"column":20},"end":{"line":101,"column":42}},{"start":{"line":101,"column":46},"end":{"line":101,"column":50}}],"line":101},"47":{"loc":{"start":{"line":119,"column":8},"end":{"line":179,"column":9}},"type":"switch","locations":[{"start":{"line":120,"column":12},"end":{"line":167,"column":24}},{"start":{"line":168,"column":12},"end":{"line":178,"column":51}}],"line":119},"48":{"loc":{"start":{"line":122,"column":16},"end":{"line":127,"column":17}},"type":"if","locations":[{"start":{"line":122,"column":16},"end":{"line":127,"column":17}},{"start":{},"end":{}}],"line":122},"49":{"loc":{"start":{"line":124,"column":20},"end":{"line":126,"column":21}},"type":"if","locations":[{"start":{"line":124,"column":20},"end":{"line":126,"column":21}},{"start":{},"end":{}}],"line":124},"50":{"loc":{"start":{"line":128,"column":16},"end":{"line":133,"column":17}},"type":"if","locations":[{"start":{"line":128,"column":16},"end":{"line":133,"column":17}},{"start":{},"end":{}}],"line":128},"51":{"loc":{"start":{"line":130,"column":20},"end":{"line":132,"column":21}},"type":"if","locations":[{"start":{"line":130,"column":20},"end":{"line":132,"column":21}},{"start":{},"end":{}}],"line":130},"52":{"loc":{"start":{"line":139,"column":28},"end":{"line":163,"column":29}},"type":"switch","locations":[{"start":{"line":140,"column":32},"end":{"line":146,"column":33}},{"start":{"line":147,"column":32},"end":{"line":156,"column":33}},{"start":{"line":157,"column":32},"end":{"line":162,"column":33}}],"line":139},"53":{"loc":{"start":{"line":142,"column":36},"end":{"line":144,"column":37}},"type":"if","locations":[{"start":{"line":142,"column":36},"end":{"line":144,"column":37}},{"start":{},"end":{}}],"line":142},"54":{"loc":{"start":{"line":148,"column":36},"end":{"line":151,"column":37}},"type":"if","locations":[{"start":{"line":148,"column":36},"end":{"line":151,"column":37}},{"start":{},"end":{}}],"line":148},"55":{"loc":{"start":{"line":170,"column":16},"end":{"line":177,"column":17}},"type":"if","locations":[{"start":{"line":170,"column":16},"end":{"line":177,"column":17}},{"start":{},"end":{}}],"line":170}},"s":{"0":1,"1":1,"2":1,"3":0,"4":0,"5":0,"6":0,"7":1,"8":1,"9":1,"10":0,"11":1,"12":1,"13":1,"14":1,"15":2,"16":0,"17":0,"18":0,"19":0,"20":0,"21":0,"22":0,"23":0,"24":2,"25":1,"26":50,"27":0,"28":50,"29":0,"30":0,"31":0,"32":0,"33":0,"34":0,"35":50,"36":50,"37":1,"38":50,"39":0,"40":0,"41":0,"42":50,"43":0,"44":150,"45":50,"46":50,"47":0,"48":50,"49":100,"50":100,"51":0,"52":100,"53":0,"54":100,"55":50,"56":50,"57":50,"58":50,"59":0,"60":0,"61":0,"62":0,"63":0,"64":0,"65":0,"66":0,"67":0,"68":0,"69":0,"70":0,"71":0,"72":0,"73":0,"74":0,"75":0,"76":0,"77":0,"78":0,"79":0,"80":0,"81":0,"82":0,"83":0,"84":50,"85":0,"86":0,"87":100,"88":0,"89":0,"90":0,"91":1,"92":0,"93":0,"94":0,"95":0,"96":0,"97":0,"98":0,"99":0,"100":0,"101":0,"102":0,"103":1,"104":1,"105":1,"106":1,"107":1,"108":1,"109":1,"110":1,"111":1,"112":1,"113":1,"114":0,"115":0,"116":0,"117":1,"118":1,"119":1,"120":50,"121":50,"122":50,"123":50,"124":50,"125":0,"126":0,"127":0,"128":50,"129":0,"130":0,"131":0,"132":50,"133":50,"134":0,"135":0,"136":0,"137":0,"138":0,"139":0,"140":0,"141":0,"142":0,"143":0,"144":0,"145":0,"146":0,"147":0,"148":0,"149":0,"150":1,"151":1},"f":{"0":1,"1":1,"2":0,"3":0,"4":1,"5":1,"6":2,"7":0,"8":50,"9":50,"10":0,"11":50,"12":0,"13":0,"14":50,"15":50,"16":0,"17":0,"18":150,"19":50,"20":50,"21":0,"22":1,"23":1,"24":0,"25":50,"26":50,"27":50,"28":50,"29":0,"30":0},"b":{"0":[1,0,1],"1":[1,0,0,0],"2":[0,0],"3":[0,1],"4":[1,0],"5":[0,1],"6":[1,0,1],"7":[2,0],"8":[0,0],"9":[1,0,1],"10":[50,0],"11":[50,50],"12":[0,50],"13":[50,50],"14":[1,0,1],"15":[0,0],"16":[50,50],"17":[0,50],"18":[0,100],"19":[100,0,0],"20":[0,0],"21":[0,0],"22":[0,0],"23":[0,0],"24":[0,100],"25":[50,50,50,0,0,0],"26":[0,0],"27":[0,0,0],"28":[0,0],"29":[0,0],"30":[0,0,0,0],"31":[0,0],"32":[0,0],"33":[0,0],"34":[0,0],"35":[0,0],"36":[0,0],"37":[0,0],"38":[1,0,1],"39":[0,0],"40":[0,0],"41":[0,0],"42":[0,0],"43":[0,0],"44":[0,0],"45":[1,1],"46":[0,0],"47":[50,0],"48":[0,50],"49":[0,0],"50":[0,50],"51":[0,0],"52":[0,0,0],"53":[0,0],"54":[0,0],"55":[0,0]},"_coverageSchema":"1a1c01bbd47fc00a2c39e90264f33305004495a9","hash":"c4746b6509c272d50db3a803191c5628b6041bd6"}
,"D:\\project\\@npm\\electron-react\\bin\\utils\\request\\request-npm.js": {"path":"D:\\project\\@npm\\electron-react\\bin\\utils\\request\\request-npm.js","statementMap":{"0":{"start":{"line":8,"column":15},"end":{"line":18,"column":1}},"1":{"start":{"line":9,"column":4},"end":{"line":16,"column":6}},"2":{"start":{"line":10,"column":8},"end":{"line":14,"column":9}},"3":{"start":{"line":10,"column":24},"end":{"line":10,"column":25}},"4":{"start":{"line":10,"column":31},"end":{"line":10,"column":47}},"5":{"start":{"line":11,"column":12},"end":{"line":11,"column":29}},"6":{"start":{"line":12,"column":12},"end":{"line":13,"column":28}},"7":{"start":{"line":12,"column":29},"end":{"line":13,"column":28}},"8":{"start":{"line":13,"column":16},"end":{"line":13,"column":28}},"9":{"start":{"line":15,"column":8},"end":{"line":15,"column":17}},"10":{"start":{"line":17,"column":4},"end":{"line":17,"column":43}},"11":{"start":{"line":19,"column":0},"end":{"line":19,"column":62}},"12":{"start":{"line":20,"column":0},"end":{"line":20,"column":22}},"13":{"start":{"line":21,"column":12},"end":{"line":21,"column":38}},"14":{"start":{"line":22,"column":9},"end":{"line":22,"column":21}},"15":{"start":{"line":30,"column":11},"end":{"line":49,"column":1}},"16":{"start":{"line":31,"column":4},"end":{"line":48,"column":7}},"17":{"start":{"line":32,"column":23},"end":{"line":32,"column":25}},"18":{"start":{"line":33,"column":8},"end":{"line":43,"column":11}},"19":{"start":{"line":34,"column":20},"end":{"line":34,"column":25}},"20":{"start":{"line":34,"column":31},"end":{"line":34,"column":36}},"21":{"start":{"line":35,"column":12},"end":{"line":42,"column":14}},"22":{"start":{"line":44,"column":8},"end":{"line":47,"column":10}},"23":{"start":{"line":50,"column":0},"end":{"line":50,"column":20}}},"fnMap":{"0":{"name":"(anonymous_0)","decl":{"start":{"line":8,"column":42},"end":{"line":8,"column":43}},"loc":{"start":{"line":8,"column":54},"end":{"line":18,"column":1}},"line":8},"1":{"name":"(anonymous_1)","decl":{"start":{"line":9,"column":32},"end":{"line":9,"column":33}},"loc":{"start":{"line":9,"column":44},"end":{"line":16,"column":5}},"line":9},"2":{"name":"(anonymous_2)","decl":{"start":{"line":30,"column":11},"end":{"line":30,"column":12}},"loc":{"start":{"line":30,"column":36},"end":{"line":49,"column":1}},"line":30},"3":{"name":"(anonymous_3)","decl":{"start":{"line":31,"column":177},"end":{"line":31,"column":178}},"loc":{"start":{"line":31,"column":191},"end":{"line":48,"column":5}},"line":31},"4":{"name":"(anonymous_4)","decl":{"start":{"line":33,"column":44},"end":{"line":33,"column":45}},"loc":{"start":{"line":33,"column":58},"end":{"line":43,"column":9}},"line":33}},"branchMap":{"0":{"loc":{"start":{"line":8,"column":15},"end":{"line":18,"column":1}},"type":"binary-expr","locations":[{"start":{"line":8,"column":16},"end":{"line":8,"column":20}},{"start":{"line":8,"column":24},"end":{"line":8,"column":37}},{"start":{"line":8,"column":42},"end":{"line":18,"column":1}}],"line":8},"1":{"loc":{"start":{"line":9,"column":15},"end":{"line":16,"column":5}},"type":"binary-expr","locations":[{"start":{"line":9,"column":15},"end":{"line":9,"column":28}},{"start":{"line":9,"column":32},"end":{"line":16,"column":5}}],"line":9},"2":{"loc":{"start":{"line":12,"column":29},"end":{"line":13,"column":28}},"type":"if","locations":[{"start":{"line":12,"column":29},"end":{"line":13,"column":28}},{"start":{},"end":{}}],"line":12}},"s":{"0":1,"1":2,"2":0,"3":0,"4":0,"5":0,"6":0,"7":0,"8":0,"9":0,"10":2,"11":1,"12":1,"13":1,"14":1,"15":1,"16":50,"17":0,"18":0,"19":0,"20":0,"21":0,"22":0,"23":1},"f":{"0":2,"1":0,"2":50,"3":0,"4":0},"b":{"0":[1,0,1],"1":[2,0],"2":[0,0]},"_coverageSchema":"1a1c01bbd47fc00a2c39e90264f33305004495a9","hash":"cd81394cb7613bedb2f314439b047a560d8b100f"}
,"D:\\project\\@npm\\electron-react\\bin\\utils\\ui\\logger.js": {"path":"D:\\project\\@npm\\electron-react\\bin\\utils\\ui\\logger.js","statementMap":{"0":{"start":{"line":8,"column":27},"end":{"line":11,"column":1}},"1":{"start":{"line":9,"column":4},"end":{"line":9,"column":115}},"2":{"start":{"line":9,"column":33},"end":{"line":9,"column":86}},"3":{"start":{"line":9,"column":96},"end":{"line":9,"column":113}},"4":{"start":{"line":10,"column":4},"end":{"line":10,"column":18}},"5":{"start":{"line":12,"column":0},"end":{"line":12,"column":62}},"6":{"start":{"line":13,"column":0},"end":{"line":13,"column":46}},"7":{"start":{"line":14,"column":12},"end":{"line":14,"column":28}},"8":{"start":{"line":17,"column":0},"end":{"line":22,"column":59}},"9":{"start":{"line":18,"column":4},"end":{"line":18,"column":26}},"10":{"start":{"line":19,"column":4},"end":{"line":19,"column":32}},"11":{"start":{"line":20,"column":4},"end":{"line":20,"column":48}},"12":{"start":{"line":21,"column":4},"end":{"line":21,"column":43}},"13":{"start":{"line":23,"column":31},"end":{"line":54,"column":3}},"14":{"start":{"line":25,"column":8},"end":{"line":25,"column":27}},"15":{"start":{"line":26,"column":8},"end":{"line":26,"column":36}},"16":{"start":{"line":27,"column":24},"end":{"line":27,"column":26}},"17":{"start":{"line":28,"column":8},"end":{"line":30,"column":11}},"18":{"start":{"line":29,"column":12},"end":{"line":29,"column":37}},"19":{"start":{"line":31,"column":8},"end":{"line":33,"column":11}},"20":{"start":{"line":32,"column":12},"end":{"line":32,"column":37}},"21":{"start":{"line":34,"column":8},"end":{"line":34,"column":35}},"22":{"start":{"line":35,"column":8},"end":{"line":35,"column":21}},"23":{"start":{"line":37,"column":4},"end":{"line":45,"column":7}},"24":{"start":{"line":39,"column":22},"end":{"line":39,"column":32}},"25":{"start":{"line":40,"column":12},"end":{"line":40,"column":44}},"26":{"start":{"line":41,"column":12},"end":{"line":41,"column":28}},"27":{"start":{"line":46,"column":4},"end":{"line":52,"column":6}},"28":{"start":{"line":47,"column":18},"end":{"line":47,"column":28}},"29":{"start":{"line":48,"column":8},"end":{"line":48,"column":40}},"30":{"start":{"line":49,"column":8},"end":{"line":49,"column":31}},"31":{"start":{"line":50,"column":8},"end":{"line":50,"column":36}},"32":{"start":{"line":51,"column":8},"end":{"line":51,"column":24}},"33":{"start":{"line":53,"column":4},"end":{"line":53,"column":21}},"34":{"start":{"line":55,"column":0},"end":{"line":55,"column":30}},"35":{"start":{"line":62,"column":28},"end":{"line":110,"column":3}},"36":{"start":{"line":65,"column":4},"end":{"line":75,"column":6}},"37":{"start":{"line":66,"column":19},"end":{"line":66,"column":21}},"38":{"start":{"line":67,"column":8},"end":{"line":69,"column":9}},"39":{"start":{"line":67,"column":22},"end":{"line":67,"column":23}},"40":{"start":{"line":68,"column":12},"end":{"line":68,"column":37}},"41":{"start":{"line":70,"column":8},"end":{"line":73,"column":9}},"42":{"start":{"line":71,"column":12},"end":{"line":71,"column":46}},"43":{"start":{"line":72,"column":12},"end":{"line":72,"column":24}},"44":{"start":{"line":74,"column":8},"end":{"line":74,"column":21}},"45":{"start":{"line":76,"column":4},"end":{"line":86,"column":6}},"46":{"start":{"line":77,"column":19},"end":{"line":77,"column":21}},"47":{"start":{"line":78,"column":8},"end":{"line":80,"column":9}},"48":{"start":{"line":78,"column":22},"end":{"line":78,"column":23}},"49":{"start":{"line":79,"column":12},"end":{"line":79,"column":37}},"50":{"start":{"line":81,"column":8},"end":{"line":84,"column":9}},"51":{"start":{"line":82,"column":12},"end":{"line":82,"column":46}},"52":{"start":{"line":83,"column":12},"end":{"line":83,"column":24}},"53":{"start":{"line":85,"column":8},"end":{"line":85,"column":21}},"54":{"start":{"line":87,"column":4},"end":{"line":97,"column":6}},"55":{"start":{"line":88,"column":19},"end":{"line":88,"column":21}},"56":{"start":{"line":89,"column":8},"end":{"line":91,"column":9}},"57":{"start":{"line":89,"column":22},"end":{"line":89,"column":23}},"58":{"start":{"line":90,"column":12},"end":{"line":90,"column":37}},"59":{"start":{"line":92,"column":8},"end":{"line":95,"column":9}},"60":{"start":{"line":93,"column":12},"end":{"line":93,"column":47}},"61":{"start":{"line":94,"column":12},"end":{"line":94,"column":24}},"62":{"start":{"line":96,"column":8},"end":{"line":96,"column":21}},"63":{"start":{"line":98,"column":4},"end":{"line":101,"column":6}},"64":{"start":{"line":99,"column":8},"end":{"line":99,"column":219}},"65":{"start":{"line":100,"column":8},"end":{"line":100,"column":36}},"66":{"start":{"line":102,"column":4},"end":{"line":107,"column":6}},"67":{"start":{"line":103,"column":24},"end":{"line":103,"column":33}},"68":{"start":{"line":104,"column":19},"end":{"line":104,"column":111}},"69":{"start":{"line":105,"column":8},"end":{"line":105,"column":300}},"70":{"start":{"line":106,"column":8},"end":{"line":106,"column":25}},"71":{"start":{"line":108,"column":4},"end":{"line":108,"column":32}},"72":{"start":{"line":109,"column":4},"end":{"line":109,"column":18}},"73":{"start":{"line":111,"column":0},"end":{"line":111,"column":25}}},"fnMap":{"0":{"name":"(anonymous_0)","decl":{"start":{"line":8,"column":66},"end":{"line":8,"column":67}},"loc":{"start":{"line":8,"column":89},"end":{"line":11,"column":1}},"line":8},"1":{"name":"(anonymous_1)","decl":{"start":{"line":17,"column":1},"end":{"line":17,"column":2}},"loc":{"start":{"line":17,"column":21},"end":{"line":22,"column":1}},"line":17},"2":{"name":"(anonymous_2)","decl":{"start":{"line":23,"column":31},"end":{"line":23,"column":32}},"loc":{"start":{"line":23,"column":43},"end":{"line":54,"column":1}},"line":23},"3":{"name":"StopWatch","decl":{"start":{"line":24,"column":13},"end":{"line":24,"column":22}},"loc":{"start":{"line":24,"column":30},"end":{"line":36,"column":5}},"line":24},"4":{"name":"(anonymous_4)","decl":{"start":{"line":28,"column":35},"end":{"line":28,"column":36}},"loc":{"start":{"line":28,"column":55},"end":{"line":30,"column":9}},"line":28},"5":{"name":"(anonymous_5)","decl":{"start":{"line":31,"column":37},"end":{"line":31,"column":38}},"loc":{"start":{"line":31,"column":57},"end":{"line":33,"column":9}},"line":31},"6":{"name":"(anonymous_6)","decl":{"start":{"line":38,"column":13},"end":{"line":38,"column":14}},"loc":{"start":{"line":38,"column":25},"end":{"line":42,"column":9}},"line":38},"7":{"name":"(anonymous_7)","decl":{"start":{"line":46,"column":31},"end":{"line":46,"column":32}},"loc":{"start":{"line":46,"column":43},"end":{"line":52,"column":5}},"line":46},"8":{"name":"(anonymous_8)","decl":{"start":{"line":62,"column":28},"end":{"line":62,"column":29}},"loc":{"start":{"line":62,"column":40},"end":{"line":110,"column":1}},"line":62},"9":{"name":"Logger","decl":{"start":{"line":63,"column":13},"end":{"line":63,"column":19}},"loc":{"start":{"line":63,"column":22},"end":{"line":64,"column":5}},"line":63},"10":{"name":"(anonymous_10)","decl":{"start":{"line":65,"column":18},"end":{"line":65,"column":19}},"loc":{"start":{"line":65,"column":30},"end":{"line":75,"column":5}},"line":65},"11":{"name":"(anonymous_11)","decl":{"start":{"line":76,"column":18},"end":{"line":76,"column":19}},"loc":{"start":{"line":76,"column":30},"end":{"line":86,"column":5}},"line":76},"12":{"name":"(anonymous_12)","decl":{"start":{"line":87,"column":19},"end":{"line":87,"column":20}},"loc":{"start":{"line":87,"column":31},"end":{"line":97,"column":5}},"line":87},"13":{"name":"(anonymous_13)","decl":{"start":{"line":98,"column":28},"end":{"line":98,"column":29}},"loc":{"start":{"line":98,"column":45},"end":{"line":101,"column":5}},"line":98},"14":{"name":"(anonymous_14)","decl":{"start":{"line":102,"column":27},"end":{"line":102,"column":28}},"loc":{"start":{"line":102,"column":41},"end":{"line":107,"column":5}},"line":102}},"branchMap":{"0":{"loc":{"start":{"line":8,"column":27},"end":{"line":11,"column":1}},"type":"binary-expr","locations":[{"start":{"line":8,"column":28},"end":{"line":8,"column":32}},{"start":{"line":8,"column":36},"end":{"line":8,"column":61}},{"start":{"line":8,"column":66},"end":{"line":11,"column":1}}],"line":8},"1":{"loc":{"start":{"line":9,"column":4},"end":{"line":9,"column":115}},"type":"if","locations":[{"start":{"line":9,"column":4},"end":{"line":9,"column":115}},{"start":{"line":9,"column":94},"end":{"line":9,"column":115}}],"line":9},"2":{"loc":{"start":{"line":22,"column":14},"end":{"line":22,"column":57}},"type":"binary-expr","locations":[{"start":{"line":22,"column":14},"end":{"line":22,"column":30}},{"start":{"line":22,"column":35},"end":{"line":22,"column":56}}],"line":22},"3":{"loc":{"start":{"line":70,"column":8},"end":{"line":73,"column":9}},"type":"if","locations":[{"start":{"line":70,"column":8},"end":{"line":73,"column":9}},{"start":{},"end":{}}],"line":70},"4":{"loc":{"start":{"line":81,"column":8},"end":{"line":84,"column":9}},"type":"if","locations":[{"start":{"line":81,"column":8},"end":{"line":84,"column":9}},{"start":{},"end":{}}],"line":81},"5":{"loc":{"start":{"line":92,"column":8},"end":{"line":95,"column":9}},"type":"if","locations":[{"start":{"line":92,"column":8},"end":{"line":95,"column":9}},{"start":{},"end":{}}],"line":92},"6":{"loc":{"start":{"line":99,"column":24},"end":{"line":99,"column":209}},"type":"binary-expr","locations":[{"start":{"line":99,"column":24},"end":{"line":99,"column":40}},{"start":{"line":99,"column":45},"end":{"line":99,"column":208}}],"line":99},"7":{"loc":{"start":{"line":104,"column":19},"end":{"line":104,"column":111}},"type":"cond-expr","locations":[{"start":{"line":104,"column":38},"end":{"line":104,"column":54}},{"start":{"line":104,"column":57},"end":{"line":104,"column":111}}],"line":104},"8":{"loc":{"start":{"line":105,"column":24},"end":{"line":105,"column":281}},"type":"binary-expr","locations":[{"start":{"line":105,"column":24},"end":{"line":105,"column":40}},{"start":{"line":105,"column":45},"end":{"line":105,"column":280}}],"line":105}},"s":{"0":1,"1":1,"2":1,"3":0,"4":1,"5":1,"6":1,"7":1,"8":1,"9":1,"10":1,"11":1,"12":1,"13":1,"14":1,"15":1,"16":1,"17":1,"18":1,"19":1,"20":1,"21":1,"22":1,"23":1,"24":0,"25":0,"26":0,"27":1,"28":0,"29":0,"30":0,"31":0,"32":0,"33":1,"34":1,"35":1,"36":1,"37":1,"38":1,"39":1,"40":1,"41":1,"42":1,"43":1,"44":0,"45":1,"46":0,"47":0,"48":0,"49":0,"50":0,"51":0,"52":0,"53":0,"54":1,"55":0,"56":0,"57":0,"58":0,"59":0,"60":0,"61":0,"62":0,"63":1,"64":1,"65":1,"66":1,"67":0,"68":0,"69":0,"70":0,"71":1,"72":1,"73":1},"f":{"0":1,"1":1,"2":1,"3":1,"4":1,"5":1,"6":0,"7":0,"8":1,"9":0,"10":1,"11":0,"12":0,"13":1,"14":0},"b":{"0":[1,0,1],"1":[1,0],"2":[1,1],"3":[1,0],"4":[0,0],"5":[0,0],"6":[1,1],"7":[0,0],"8":[0,0]},"_coverageSchema":"1a1c01bbd47fc00a2c39e90264f33305004495a9","hash":"233bd1df9edb73d4f20554adcf2000f8490b8778"}
}
