TN:
SF:index.js
FN:8,(anonymous_0)
FN:12,(anonymous_1)
FN:13,adopt
FN:13,(anonymous_3)
FN:14,(anonymous_4)
FN:15,fulfilled
FN:16,rejected
FN:17,step
FN:21,(anonymous_8)
FN:22,(anonymous_9)
FN:23,(anonymous_10)
FN:24,verb
FN:24,(anonymous_12)
FN:25,step
FN:54,(anonymous_14)
FN:63,(anonymous_15)
FN:63,(anonymous_16)
FN:65,(anonymous_17)
FN:70,(anonymous_18)
FN:106,(anonymous_19)
FN:111,(anonymous_20)
FN:114,(anonymous_21)
FN:125,(anonymous_22)
FNF:23
FNH:16
FNDA:0,(anonymous_0)
FNDA:2,(anonymous_1)
FNDA:2,adopt
FNDA:0,(anonymous_3)
FNDA:2,(anonymous_4)
FNDA:0,fulfilled
FNDA:0,rejected
FNDA:2,step
FNDA:2,(anonymous_8)
FNDA:0,(anonymous_9)
FNDA:0,(anonymous_10)
FNDA:6,verb
FNDA:2,(anonymous_12)
FNDA:2,step
FNDA:1,(anonymous_14)
FNDA:1,(anonymous_15)
FNDA:1,(anonymous_16)
FNDA:1,(anonymous_17)
FNDA:1,(anonymous_18)
FNDA:1,(anonymous_19)
FNDA:1,(anonymous_20)
FNDA:1,(anonymous_21)
FNDA:0,(anonymous_22)
DA:8,1
DA:9,0
DA:10,0
DA:12,1
DA:13,2
DA:14,2
DA:15,0
DA:16,0
DA:17,2
DA:18,2
DA:21,1
DA:22,2
DA:23,2
DA:24,6
DA:26,2
DA:27,4
DA:28,4
DA:29,4
DA:30,4
DA:31,2
DA:32,2
DA:33,0
DA:34,0
DA:36,0
DA:37,0
DA:38,0
DA:39,0
DA:40,0
DA:41,0
DA:43,2
DA:44,4
DA:45,0
DA:48,1
DA:49,1
DA:50,1
DA:51,1
DA:52,1
DA:54,1
DA:55,1
DA:56,1
DA:57,1
DA:60,1
DA:63,1
DA:65,1
DA:66,1
DA:68,1
DA:69,1
DA:70,1
DA:71,1
DA:73,1
DA:74,1
DA:76,1
DA:77,1
DA:78,1
DA:79,1
DA:81,0
DA:82,0
DA:83,0
DA:85,0
DA:87,0
DA:88,0
DA:89,0
DA:90,0
DA:93,0
DA:95,0
DA:96,0
DA:98,0
DA:99,0
DA:101,0
DA:102,0
DA:106,1
DA:107,1
DA:108,1
DA:109,1
DA:111,1
DA:114,1
DA:115,1
DA:116,1
DA:118,0
DA:119,0
DA:124,1
DA:125,0
DA:127,0
DA:128,0
DA:130,0
DA:132,1
LF:86
LH:52
BRDA:8,0,0,1
BRDA:8,0,1,0
BRDA:8,0,2,1
BRDA:9,1,0,0
BRDA:9,1,1,0
BRDA:12,2,0,1
BRDA:12,2,1,0
BRDA:12,2,2,1
BRDA:13,3,0,2
BRDA:13,3,1,0
BRDA:14,4,0,2
BRDA:14,4,1,2
BRDA:17,5,0,0
BRDA:17,5,1,2
BRDA:18,6,0,2
BRDA:18,6,1,2
BRDA:21,7,0,1
BRDA:21,7,1,0
BRDA:21,7,2,1
BRDA:22,8,0,0
BRDA:22,8,1,0
BRDA:23,9,0,2
BRDA:23,9,1,2
BRDA:26,10,0,0
BRDA:26,10,1,2
BRDA:28,11,0,0
BRDA:28,11,1,4
BRDA:28,12,0,4
BRDA:28,12,1,0
BRDA:28,12,2,0
BRDA:28,13,0,0
BRDA:28,13,1,0
BRDA:28,14,0,0
BRDA:28,14,1,0
BRDA:28,15,0,0
BRDA:28,15,1,0
BRDA:28,16,0,0
BRDA:28,16,1,0
BRDA:29,17,0,0
BRDA:29,17,1,4
BRDA:30,18,0,2
BRDA:30,18,1,2
BRDA:30,18,2,2
BRDA:30,18,3,0
BRDA:30,18,4,0
BRDA:30,18,5,0
BRDA:36,19,0,0
BRDA:36,19,1,0
BRDA:36,20,0,0
BRDA:36,20,1,0
BRDA:36,20,2,0
BRDA:36,21,0,0
BRDA:36,21,1,0
BRDA:37,22,0,0
BRDA:37,22,1,0
BRDA:37,23,0,0
BRDA:37,23,1,0
BRDA:37,23,2,0
BRDA:37,23,3,0
BRDA:38,24,0,0
BRDA:38,24,1,0
BRDA:38,25,0,0
BRDA:38,25,1,0
BRDA:39,26,0,0
BRDA:39,26,1,0
BRDA:39,27,0,0
BRDA:39,27,1,0
BRDA:40,28,0,0
BRDA:40,28,1,0
BRDA:45,29,0,0
BRDA:45,29,1,0
BRDA:45,30,0,0
BRDA:45,30,1,0
BRDA:58,31,0,1
BRDA:58,31,1,1
BRDA:66,32,0,1
BRDA:66,32,1,1
BRDA:66,32,2,0
BRDA:66,32,3,0
BRDA:66,32,4,0
BRDA:66,32,5,0
BRDA:66,32,6,0
BRDA:71,33,0,1
BRDA:71,33,1,0
BRDA:73,34,0,0
BRDA:73,34,1,1
BRDA:82,35,0,0
BRDA:82,35,1,0
BRDA:83,36,0,0
BRDA:83,36,1,0
BRDA:88,37,0,0
BRDA:88,37,1,0
BRDA:98,38,0,0
BRDA:98,38,1,0
BRDA:115,39,0,1
BRDA:115,39,1,0
BRDA:116,40,0,1
BRDA:116,40,1,0
BRDA:116,41,0,1
BRDA:116,41,1,1
BRDA:124,42,0,0
BRDA:124,42,1,1
BRF:102
BRH:32
end_of_record
TN:
SF:runnable\index.js
FN:8,(anonymous_0)
FN:9,(anonymous_1)
FN:11,(anonymous_2)
FN:12,(anonymous_3)
FN:15,(anonymous_4)
FN:19,__
FN:25,(anonymous_6)
FN:27,OptionParseError
FN:40,(anonymous_8)
FN:41,Runnable
FN:51,(anonymous_10)
FN:54,(anonymous_11)
FN:58,(anonymous_12)
FN:67,(anonymous_13)
FN:70,(anonymous_14)
FNF:15
FNH:8
FNDA:1,(anonymous_0)
FNDA:1,(anonymous_1)
FNDA:0,(anonymous_2)
FNDA:0,(anonymous_3)
FNDA:1,(anonymous_4)
FNDA:1,__
FNDA:1,(anonymous_6)
FNDA:0,OptionParseError
FNDA:1,(anonymous_8)
FNDA:1,Runnable
FNDA:0,(anonymous_10)
FNDA:1,(anonymous_11)
FNDA:0,(anonymous_12)
FNDA:0,(anonymous_13)
FNDA:0,(anonymous_14)
DA:8,1
DA:9,1
DA:10,1
DA:11,0
DA:12,0
DA:13,1
DA:15,1
DA:16,1
DA:17,0
DA:18,1
DA:19,1
DA:20,1
DA:23,1
DA:24,1
DA:25,1
DA:26,1
DA:28,0
DA:29,0
DA:30,0
DA:32,1
DA:34,1
DA:40,1
DA:42,1
DA:43,1
DA:44,0
DA:46,1
DA:47,1
DA:48,1
DA:49,1
DA:51,1
DA:52,0
DA:54,1
DA:55,1
DA:56,1
DA:57,1
DA:58,1
DA:60,0
DA:61,0
DA:62,0
DA:63,0
DA:64,0
DA:66,0
DA:67,0
DA:68,0
DA:69,0
DA:71,0
DA:72,0
DA:74,0
DA:75,0
DA:77,0
DA:78,0
DA:79,0
DA:80,0
DA:82,0
DA:84,0
DA:87,0
DA:89,0
DA:91,1
DA:92,0
DA:94,1
DA:96,1
DA:98,1
LF:62
LH:32
BRDA:8,0,0,1
BRDA:8,0,1,0
BRDA:8,0,2,1
BRDA:10,1,0,1
BRDA:10,1,1,0
BRDA:10,1,2,0
BRDA:10,1,3,0
BRDA:12,2,0,0
BRDA:12,2,1,0
BRDA:16,3,0,0
BRDA:16,3,1,1
BRDA:16,4,0,1
BRDA:16,4,1,0
BRDA:20,5,0,0
BRDA:20,5,1,1
BRDA:28,6,0,0
BRDA:28,6,1,0
BRDA:43,7,0,0
BRDA:43,7,1,1
BRDA:60,8,0,0
BRDA:60,8,1,0
BRDA:62,9,0,0
BRDA:62,9,1,0
BRDA:63,10,0,0
BRDA:63,10,1,0
BRDA:67,11,0,0
BRDA:67,11,1,0
BRDA:67,12,0,0
BRDA:67,12,1,0
BRDA:69,13,0,0
BRDA:69,13,1,0
BRDA:72,14,0,0
BRDA:72,14,1,0
BRDA:72,15,0,0
BRDA:72,15,1,0
BRDA:72,16,0,0
BRDA:72,16,1,0
BRDA:74,17,0,0
BRDA:74,17,1,0
BRDA:78,18,0,0
BRDA:78,18,1,0
BRDA:91,19,0,0
BRDA:91,19,1,1
BRF:43
BRH:8
end_of_record
TN:
SF:runnable\install\index.js
FN:8,(anonymous_0)
FN:9,(anonymous_1)
FN:11,(anonymous_2)
FN:12,(anonymous_3)
FN:15,(anonymous_4)
FN:19,__
FN:23,(anonymous_6)
FN:24,adopt
FN:24,(anonymous_8)
FN:25,(anonymous_9)
FN:26,fulfilled
FN:27,rejected
FN:28,step
FN:32,(anonymous_13)
FN:33,(anonymous_14)
FN:34,(anonymous_15)
FN:35,verb
FN:35,(anonymous_17)
FN:36,step
FN:59,(anonymous_19)
FN:83,(anonymous_20)
FN:85,InstallTask
FN:88,(anonymous_22)
FN:89,(anonymous_23)
FN:90,(anonymous_24)
FN:103,(anonymous_25)
FN:104,(anonymous_26)
FN:106,(anonymous_27)
FN:128,(anonymous_28)
FN:132,(anonymous_29)
FN:137,(anonymous_30)
FN:148,(anonymous_31)
FN:149,(anonymous_32)
FN:152,(anonymous_33)
FN:154,(anonymous_34)
FN:165,(anonymous_35)
FN:166,(anonymous_36)
FN:167,(anonymous_37)
FN:172,(anonymous_38)
FN:173,(anonymous_39)
FN:174,(anonymous_40)
FN:184,(anonymous_41)
FN:185,(anonymous_42)
FN:186,(anonymous_43)
FNF:44
FNH:28
FNDA:1,(anonymous_0)
FNDA:1,(anonymous_1)
FNDA:0,(anonymous_2)
FNDA:0,(anonymous_3)
FNDA:1,(anonymous_4)
FNDA:1,__
FNDA:3,(anonymous_6)
FNDA:3,adopt
FNDA:0,(anonymous_8)
FNDA:3,(anonymous_9)
FNDA:0,fulfilled
FNDA:0,rejected
FNDA:3,step
FNDA:3,(anonymous_13)
FNDA:0,(anonymous_14)
FNDA:0,(anonymous_15)
FNDA:9,verb
FNDA:3,(anonymous_17)
FNDA:3,step
FNDA:1,(anonymous_19)
FNDA:1,(anonymous_20)
FNDA:1,InstallTask
FNDA:1,(anonymous_22)
FNDA:1,(anonymous_23)
FNDA:1,(anonymous_24)
FNDA:1,(anonymous_25)
FNDA:1,(anonymous_26)
FNDA:1,(anonymous_27)
FNDA:1,(anonymous_28)
FNDA:1,(anonymous_29)
FNDA:2,(anonymous_30)
FNDA:1,(anonymous_31)
FNDA:1,(anonymous_32)
FNDA:1,(anonymous_33)
FNDA:25,(anonymous_34)
FNDA:0,(anonymous_35)
FNDA:0,(anonymous_36)
FNDA:0,(anonymous_37)
FNDA:0,(anonymous_38)
FNDA:0,(anonymous_39)
FNDA:0,(anonymous_40)
FNDA:0,(anonymous_41)
FNDA:0,(anonymous_42)
FNDA:0,(anonymous_43)
DA:8,1
DA:9,1
DA:10,1
DA:11,0
DA:12,0
DA:13,1
DA:15,1
DA:16,1
DA:17,0
DA:18,1
DA:19,1
DA:20,1
DA:23,1
DA:24,3
DA:25,3
DA:26,0
DA:27,0
DA:28,3
DA:29,3
DA:32,1
DA:33,3
DA:34,3
DA:35,9
DA:37,3
DA:38,6
DA:39,6
DA:40,6
DA:41,6
DA:42,3
DA:43,3
DA:44,0
DA:45,0
DA:47,0
DA:48,0
DA:49,0
DA:50,0
DA:51,0
DA:52,0
DA:54,3
DA:55,6
DA:56,0
DA:59,1
DA:60,1
DA:61,1
DA:62,0
DA:63,0
DA:66,1
DA:68,1
DA:69,1
DA:70,1
DA:71,1
DA:72,1
DA:73,1
DA:74,1
DA:75,1
DA:83,1
DA:84,1
DA:86,1
DA:88,1
DA:89,1
DA:90,1
DA:91,1
DA:93,1
DA:94,1
DA:96,0
DA:97,0
DA:98,0
DA:103,1
DA:104,1
DA:106,1
DA:107,1
DA:109,1
DA:110,1
DA:111,1
DA:112,1
DA:114,0
DA:115,0
DA:116,0
DA:117,0
DA:118,0
DA:120,0
DA:128,1
DA:130,1
DA:132,1
DA:133,1
DA:137,1
DA:138,2
DA:140,1
DA:148,1
DA:149,1
DA:151,1
DA:152,1
DA:153,1
DA:154,25
DA:156,0
DA:157,0
DA:159,0
DA:160,0
DA:165,1
DA:166,0
DA:167,0
DA:168,0
DA:172,1
DA:173,0
DA:174,0
DA:175,0
DA:176,0
DA:178,0
DA:179,0
DA:184,1
DA:185,0
DA:186,0
DA:187,0
DA:191,1
DA:192,1
DA:193,1
DA:194,1
DA:208,1
DA:210,1
LF:119
LH:78
BRDA:8,0,0,1
BRDA:8,0,1,0
BRDA:8,0,2,1
BRDA:10,1,0,1
BRDA:10,1,1,0
BRDA:10,1,2,0
BRDA:10,1,3,0
BRDA:12,2,0,0
BRDA:12,2,1,0
BRDA:16,3,0,0
BRDA:16,3,1,1
BRDA:16,4,0,1
BRDA:16,4,1,0
BRDA:20,5,0,0
BRDA:20,5,1,1
BRDA:23,6,0,1
BRDA:23,6,1,0
BRDA:23,6,2,1
BRDA:24,7,0,3
BRDA:24,7,1,0
BRDA:25,8,0,3
BRDA:25,8,1,3
BRDA:28,9,0,0
BRDA:28,9,1,3
BRDA:29,10,0,3
BRDA:29,10,1,3
BRDA:32,11,0,1
BRDA:32,11,1,0
BRDA:32,11,2,1
BRDA:33,12,0,0
BRDA:33,12,1,0
BRDA:34,13,0,3
BRDA:34,13,1,3
BRDA:37,14,0,0
BRDA:37,14,1,3
BRDA:39,15,0,0
BRDA:39,15,1,6
BRDA:39,16,0,6
BRDA:39,16,1,0
BRDA:39,16,2,0
BRDA:39,17,0,0
BRDA:39,17,1,0
BRDA:39,18,0,0
BRDA:39,18,1,0
BRDA:39,19,0,0
BRDA:39,19,1,0
BRDA:39,20,0,0
BRDA:39,20,1,0
BRDA:40,21,0,0
BRDA:40,21,1,6
BRDA:41,22,0,3
BRDA:41,22,1,3
BRDA:41,22,2,3
BRDA:41,22,3,0
BRDA:41,22,4,0
BRDA:41,22,5,0
BRDA:47,23,0,0
BRDA:47,23,1,0
BRDA:47,24,0,0
BRDA:47,24,1,0
BRDA:47,24,2,0
BRDA:47,25,0,0
BRDA:47,25,1,0
BRDA:48,26,0,0
BRDA:48,26,1,0
BRDA:48,27,0,0
BRDA:48,27,1,0
BRDA:48,27,2,0
BRDA:48,27,3,0
BRDA:49,28,0,0
BRDA:49,28,1,0
BRDA:49,29,0,0
BRDA:49,29,1,0
BRDA:50,30,0,0
BRDA:50,30,1,0
BRDA:50,31,0,0
BRDA:50,31,1,0
BRDA:51,32,0,0
BRDA:51,32,1,0
BRDA:56,33,0,0
BRDA:56,33,1,0
BRDA:56,34,0,0
BRDA:56,34,1,0
BRDA:59,35,0,1
BRDA:59,35,1,0
BRDA:59,35,2,1
BRDA:60,36,0,1
BRDA:60,36,1,0
BRDA:60,37,0,1
BRDA:60,37,1,0
BRDA:61,38,0,0
BRDA:61,38,1,1
BRDA:61,39,0,1
BRDA:61,39,1,1
BRDA:62,40,0,0
BRDA:62,40,1,0
BRDA:66,41,0,1
BRDA:66,41,1,1
BRDA:86,42,0,1
BRDA:86,42,1,1
BRDA:91,43,0,1
BRDA:91,43,1,0
BRDA:91,43,2,0
BRDA:93,44,0,0
BRDA:93,44,1,1
BRDA:107,45,0,1
BRDA:107,45,1,0
BRDA:135,46,0,0
BRDA:135,46,1,1
BRDA:153,47,0,1
BRDA:153,47,1,0
BRDA:153,47,2,0
BRDA:175,48,0,0
BRDA:175,48,1,0
BRF:114
BRH:41
end_of_record
TN:
SF:runnable\install\utils\lock.js
FN:12,(anonymous_0)
FN:14,(anonymous_1)
FN:25,(anonymous_2)
FN:42,(anonymous_3)
FNF:4
FNH:0
FNDA:0,(anonymous_0)
FNDA:0,(anonymous_1)
FNDA:0,(anonymous_2)
FNDA:0,(anonymous_3)
DA:8,1
DA:9,1
DA:10,1
DA:11,1
DA:12,1
DA:13,0
DA:14,0
DA:16,0
DA:17,0
DA:19,0
DA:20,0
DA:24,0
DA:25,0
DA:26,0
DA:27,0
DA:33,0
DA:35,1
DA:36,1
DA:42,1
DA:43,0
DA:44,0
DA:46,0
DA:50,1
LF:23
LH:9
BRDA:16,0,0,0
BRDA:16,0,1,0
BRDA:24,1,0,0
BRDA:24,1,1,0
BRDA:24,2,0,0
BRDA:24,2,1,0
BRDA:25,3,0,0
BRDA:25,3,1,0
BRDA:25,4,0,0
BRDA:25,4,1,0
BRDA:43,5,0,0
BRDA:43,5,1,0
BRF:12
BRH:0
end_of_record
TN:
SF:runnable\install\utils\read-deps.js
FN:21,(anonymous_0)
FN:24,(anonymous_1)
FN:31,(anonymous_2)
FN:33,(anonymous_3)
FNF:4
FNH:4
FNDA:2,(anonymous_0)
FNDA:4,(anonymous_1)
FNDA:25,(anonymous_2)
FNDA:276,(anonymous_3)
DA:8,1
DA:9,1
DA:10,1
DA:11,1
DA:21,1
DA:22,2
DA:23,2
DA:24,2
DA:26,4
DA:27,0
DA:29,0
DA:31,4
DA:32,25
DA:33,276
DA:34,25
DA:36,0
DA:37,0
DA:41,25
DA:48,2
DA:50,1
LF:20
LH:16
BRDA:26,0,0,0
BRDA:26,0,1,4
BRDA:26,1,0,4
BRDA:26,1,1,2
BRDA:26,1,2,1
BRDA:31,2,0,3
BRDA:31,2,1,1
BRDA:31,3,0,4
BRDA:31,3,1,4
BRDA:34,4,0,0
BRDA:34,4,1,25
BRDA:36,5,0,0
BRDA:36,5,1,0
BRF:13
BRH:9
end_of_record
TN:
SF:runnable\install\utils\resolve-deps.js
FN:8,(anonymous_0)
FN:9,adopt
FN:9,(anonymous_2)
FN:10,(anonymous_3)
FN:11,fulfilled
FN:12,rejected
FN:13,step
FN:17,(anonymous_7)
FN:18,(anonymous_8)
FN:19,(anonymous_9)
FN:20,verb
FN:20,(anonymous_11)
FN:21,step
FN:44,(anonymous_13)
FN:66,(anonymous_14)
FN:68,(anonymous_15)
FN:71,(anonymous_16)
FN:76,(anonymous_17)
FN:83,(anonymous_18)
FN:107,(anonymous_19)
FN:109,(anonymous_20)
FN:111,(anonymous_21)
FN:115,(anonymous_22)
FN:118,(anonymous_23)
FN:124,(anonymous_24)
FN:144,(anonymous_25)
FN:147,(anonymous_26)
FN:149,(anonymous_27)
FN:155,(anonymous_28)
FN:155,(anonymous_29)
FN:157,(anonymous_30)
FN:160,(anonymous_31)
FN:160,(anonymous_32)
FN:185,(anonymous_33)
FN:187,(anonymous_34)
FN:189,(anonymous_35)
FN:191,(anonymous_36)
FN:206,(anonymous_37)
FNF:38
FNH:15
FNDA:25,(anonymous_0)
FNDA:25,adopt
FNDA:0,(anonymous_2)
FNDA:25,(anonymous_3)
FNDA:0,fulfilled
FNDA:0,rejected
FNDA:25,step
FNDA:25,(anonymous_7)
FNDA:0,(anonymous_8)
FNDA:0,(anonymous_9)
FNDA:75,verb
FNDA:25,(anonymous_11)
FNDA:25,step
FNDA:0,(anonymous_13)
FNDA:50,(anonymous_14)
FNDA:50,(anonymous_15)
FNDA:0,(anonymous_16)
FNDA:0,(anonymous_17)
FNDA:0,(anonymous_18)
FNDA:25,(anonymous_19)
FNDA:25,(anonymous_20)
FNDA:25,(anonymous_21)
FNDA:25,(anonymous_22)
FNDA:25,(anonymous_23)
FNDA:0,(anonymous_24)
FNDA:0,(anonymous_25)
FNDA:0,(anonymous_26)
FNDA:0,(anonymous_27)
FNDA:0,(anonymous_28)
FNDA:0,(anonymous_29)
FNDA:0,(anonymous_30)
FNDA:0,(anonymous_31)
FNDA:0,(anonymous_32)
FNDA:0,(anonymous_33)
FNDA:0,(anonymous_34)
FNDA:0,(anonymous_35)
FNDA:0,(anonymous_36)
FNDA:0,(anonymous_37)
DA:8,1
DA:9,25
DA:10,25
DA:11,0
DA:12,0
DA:13,25
DA:14,25
DA:17,1
DA:18,25
DA:19,25
DA:20,75
DA:22,25
DA:23,50
DA:24,50
DA:25,50
DA:26,50
DA:27,25
DA:28,25
DA:29,0
DA:30,0
DA:32,0
DA:33,0
DA:34,0
DA:35,0
DA:36,0
DA:37,0
DA:39,25
DA:40,50
DA:41,0
DA:44,1
DA:45,0
DA:46,0
DA:47,0
DA:48,0
DA:51,0
DA:53,1
DA:54,1
DA:55,1
DA:56,1
DA:66,1
DA:67,50
DA:68,50
DA:69,50
DA:72,0
DA:73,0
DA:74,0
DA:76,0
DA:78,0
DA:79,0
DA:80,0
DA:82,0
DA:83,0
DA:84,0
DA:107,1
DA:108,25
DA:109,25
DA:111,25
DA:112,25
DA:114,25
DA:115,25
DA:116,25
DA:118,25
DA:119,25
DA:122,0
DA:124,0
DA:125,0
DA:130,0
DA:135,1
DA:144,1
DA:145,0
DA:146,0
DA:147,0
DA:149,0
DA:150,0
DA:152,0
DA:153,0
DA:154,0
DA:155,0
DA:157,0
DA:158,0
DA:160,0
DA:161,0
DA:163,0
DA:165,0
DA:167,0
DA:168,0
DA:170,0
DA:172,0
DA:174,0
DA:175,0
DA:179,0
DA:181,0
DA:182,0
DA:183,0
DA:185,0
DA:187,0
DA:188,0
DA:189,0
DA:190,0
DA:191,0
DA:192,0
DA:193,0
DA:194,0
DA:198,0
DA:206,0
DA:208,0
DA:209,0
DA:211,0
DA:212,0
DA:213,0
DA:214,0
DA:219,1
LF:112
LH:40
BRDA:8,0,0,1
BRDA:8,0,1,0
BRDA:8,0,2,1
BRDA:9,1,0,25
BRDA:9,1,1,0
BRDA:10,2,0,25
BRDA:10,2,1,25
BRDA:13,3,0,0
BRDA:13,3,1,25
BRDA:14,4,0,25
BRDA:14,4,1,25
BRDA:17,5,0,1
BRDA:17,5,1,0
BRDA:17,5,2,1
BRDA:18,6,0,0
BRDA:18,6,1,0
BRDA:19,7,0,25
BRDA:19,7,1,25
BRDA:22,8,0,0
BRDA:22,8,1,25
BRDA:24,9,0,0
BRDA:24,9,1,50
BRDA:24,10,0,50
BRDA:24,10,1,0
BRDA:24,10,2,0
BRDA:24,11,0,0
BRDA:24,11,1,0
BRDA:24,12,0,0
BRDA:24,12,1,0
BRDA:24,13,0,0
BRDA:24,13,1,0
BRDA:24,14,0,0
BRDA:24,14,1,0
BRDA:25,15,0,0
BRDA:25,15,1,50
BRDA:26,16,0,25
BRDA:26,16,1,25
BRDA:26,16,2,25
BRDA:26,16,3,0
BRDA:26,16,4,0
BRDA:26,16,5,0
BRDA:32,17,0,0
BRDA:32,17,1,0
BRDA:32,18,0,0
BRDA:32,18,1,0
BRDA:32,18,2,0
BRDA:32,19,0,0
BRDA:32,19,1,0
BRDA:33,20,0,0
BRDA:33,20,1,0
BRDA:33,21,0,0
BRDA:33,21,1,0
BRDA:33,21,2,0
BRDA:33,21,3,0
BRDA:34,22,0,0
BRDA:34,22,1,0
BRDA:34,23,0,0
BRDA:34,23,1,0
BRDA:35,24,0,0
BRDA:35,24,1,0
BRDA:35,25,0,0
BRDA:35,25,1,0
BRDA:36,26,0,0
BRDA:36,26,1,0
BRDA:41,27,0,0
BRDA:41,27,1,0
BRDA:41,28,0,0
BRDA:41,28,1,0
BRDA:44,29,0,1
BRDA:44,29,1,0
BRDA:44,29,2,1
BRDA:45,30,0,0
BRDA:45,30,1,0
BRDA:45,31,0,0
BRDA:45,31,1,0
BRDA:46,32,0,0
BRDA:46,32,1,0
BRDA:46,33,0,0
BRDA:46,33,1,0
BRDA:47,34,0,0
BRDA:47,34,1,0
BRDA:51,35,0,0
BRDA:51,35,1,0
BRDA:67,36,0,0
BRDA:67,36,1,50
BRDA:73,37,0,0
BRDA:73,37,1,0
BRDA:79,38,0,0
BRDA:79,38,1,0
BRDA:79,39,0,0
BRDA:79,39,1,0
BRDA:79,40,0,0
BRDA:79,40,1,0
BRDA:79,41,0,0
BRDA:79,41,1,0
BRDA:83,42,0,0
BRDA:83,42,1,0
BRDA:108,43,0,25
BRDA:108,43,1,0
BRDA:112,44,0,25
BRDA:112,44,1,0
BRDA:145,45,0,0
BRDA:145,45,1,0
BRDA:146,46,0,0
BRDA:146,46,1,0
BRDA:150,47,0,0
BRDA:150,47,1,0
BRDA:150,47,2,0
BRDA:150,47,3,0
BRDA:150,47,4,0
BRDA:158,48,0,0
BRDA:158,48,1,0
BRDA:160,49,0,0
BRDA:160,49,1,0
BRDA:161,50,0,0
BRDA:161,50,1,0
BRDA:168,51,0,0
BRDA:168,51,1,0
BRDA:182,52,0,0
BRDA:182,52,1,0
BRDA:187,53,0,0
BRDA:187,53,1,0
BRDA:187,54,0,0
BRDA:187,54,1,0
BRDA:189,55,0,0
BRDA:189,55,1,0
BRDA:190,56,0,0
BRDA:190,56,1,0
BRDA:192,57,0,0
BRDA:192,57,1,0
BRDA:193,58,0,0
BRDA:193,58,1,0
BRF:132
BRH:24
end_of_record
TN:
SF:utils\env.js
FN:8,(anonymous_0)
FN:37,(anonymous_1)
FN:49,(anonymous_2)
FN:63,(anonymous_3)
FN:80,(anonymous_4)
FNF:5
FNH:4
FNDA:2,(anonymous_0)
FNDA:1,(anonymous_1)
FNDA:2,(anonymous_2)
FNDA:0,(anonymous_3)
FNDA:1,(anonymous_4)
DA:8,1
DA:9,2
DA:10,0
DA:11,0
DA:12,0
DA:15,2
DA:17,1
DA:18,1
DA:19,1
DA:20,1
DA:21,1
DA:28,1
DA:30,1
DA:35,1
DA:37,1
DA:49,1
DA:50,2
DA:51,2
DA:52,3
DA:54,2
DA:63,1
DA:64,0
DA:65,0
DA:66,0
DA:68,0
DA:70,1
DA:81,1
DA:82,1
DA:85,0
DA:95,1
LF:30
LH:22
BRDA:8,0,0,1
BRDA:8,0,1,0
BRDA:8,0,2,1
BRDA:9,1,0,0
BRDA:9,1,1,2
BRDA:9,2,0,2
BRDA:9,2,1,2
BRDA:10,3,0,0
BRDA:10,3,1,0
BRDA:10,4,0,0
BRDA:10,4,1,0
BRDA:11,5,0,0
BRDA:11,5,1,0
BRDA:15,6,0,2
BRDA:15,6,1,2
BRDA:78,7,0,1
BRDA:78,7,1,0
BRDA:78,8,0,1
BRDA:78,8,1,0
BRDA:78,9,0,0
BRDA:78,9,1,0
BRF:21
BRH:9
end_of_record
TN:
SF:utils\request\cache.js
FN:17,(anonymous_0)
FN:26,(anonymous_1)
FN:30,(anonymous_2)
FN:31,(anonymous_3)
FN:35,(anonymous_4)
FN:46,(anonymous_5)
FN:47,(anonymous_6)
FN:54,(anonymous_7)
FN:61,(anonymous_8)
FN:62,(anonymous_9)
FNF:10
FNH:1
FNDA:1,(anonymous_0)
FNDA:0,(anonymous_1)
FNDA:0,(anonymous_2)
FNDA:0,(anonymous_3)
FNDA:0,(anonymous_4)
FNDA:0,(anonymous_5)
FNDA:0,(anonymous_6)
FNDA:0,(anonymous_7)
FNDA:0,(anonymous_8)
FNDA:0,(anonymous_9)
DA:8,1
DA:9,1
DA:10,1
DA:11,1
DA:12,1
DA:13,1
DA:14,1
DA:15,1
DA:17,1
DA:18,1
DA:19,1
DA:20,0
DA:21,0
DA:23,1
DA:24,1
DA:27,0
DA:28,0
DA:30,0
DA:31,0
DA:34,1
DA:35,1
DA:36,0
DA:41,0
DA:45,1
DA:46,1
DA:47,0
DA:48,0
DA:49,0
DA:51,0
DA:53,1
DA:54,1
DA:55,0
DA:60,1
DA:61,1
DA:62,0
DA:63,0
DA:64,0
DA:66,0
DA:68,1
LF:39
LH:22
BRDA:19,0,0,0
BRDA:19,0,1,1
BRDA:27,1,0,0
BRDA:27,1,1,0
BRDA:48,2,0,0
BRDA:48,2,1,0
BRDA:63,3,0,0
BRDA:63,3,1,0
BRF:8
BRH:1
end_of_record
TN:
SF:utils\request\index.js
FN:8,(anonymous_0)
FN:9,(anonymous_1)
FN:11,(anonymous_2)
FN:12,(anonymous_3)
FN:15,(anonymous_4)
FN:19,__
FN:23,(anonymous_6)
FN:24,(anonymous_7)
FN:34,(anonymous_8)
FN:35,adopt
FN:35,(anonymous_10)
FN:36,(anonymous_11)
FN:37,fulfilled
FN:38,rejected
FN:39,step
FN:43,(anonymous_15)
FN:44,(anonymous_16)
FN:45,(anonymous_17)
FN:46,verb
FN:46,(anonymous_19)
FN:47,step
FN:70,(anonymous_21)
FN:87,(anonymous_22)
FN:98,(anonymous_23)
FN:100,RequestError
FN:116,(anonymous_25)
FN:116,(anonymous_26)
FN:118,(anonymous_27)
FN:134,(anonymous_28)
FN:137,(anonymous_29)
FN:164,(anonymous_30)
FNF:31
FNH:19
FNDA:1,(anonymous_0)
FNDA:1,(anonymous_1)
FNDA:0,(anonymous_2)
FNDA:0,(anonymous_3)
FNDA:1,(anonymous_4)
FNDA:1,__
FNDA:2,(anonymous_6)
FNDA:0,(anonymous_7)
FNDA:50,(anonymous_8)
FNDA:50,adopt
FNDA:0,(anonymous_10)
FNDA:50,(anonymous_11)
FNDA:0,fulfilled
FNDA:0,rejected
FNDA:50,step
FNDA:50,(anonymous_15)
FNDA:0,(anonymous_16)
FNDA:0,(anonymous_17)
FNDA:150,verb
FNDA:50,(anonymous_19)
FNDA:50,step
FNDA:0,(anonymous_21)
FNDA:1,(anonymous_22)
FNDA:1,(anonymous_23)
FNDA:0,RequestError
FNDA:50,(anonymous_25)
FNDA:50,(anonymous_26)
FNDA:50,(anonymous_27)
FNDA:50,(anonymous_28)
FNDA:0,(anonymous_29)
FNDA:0,(anonymous_30)
DA:8,1
DA:9,1
DA:10,1
DA:11,0
DA:12,0
DA:13,1
DA:15,1
DA:16,1
DA:17,0
DA:18,1
DA:19,1
DA:20,1
DA:23,1
DA:24,2
DA:25,0
DA:26,0
DA:27,0
DA:28,0
DA:30,0
DA:32,2
DA:34,1
DA:35,50
DA:36,50
DA:37,0
DA:38,0
DA:39,50
DA:40,50
DA:43,1
DA:44,50
DA:45,50
DA:46,150
DA:48,50
DA:49,100
DA:50,100
DA:51,100
DA:52,100
DA:53,50
DA:54,50
DA:55,0
DA:56,0
DA:58,0
DA:59,0
DA:60,0
DA:61,0
DA:62,0
DA:63,0
DA:65,50
DA:66,100
DA:67,0
DA:70,1
DA:71,0
DA:72,0
DA:73,0
DA:74,0
DA:75,0
DA:76,0
DA:77,0
DA:79,0
DA:81,1
DA:82,1
DA:83,1
DA:84,1
DA:85,1
DA:87,1
DA:88,1
DA:89,1
DA:91,1
DA:98,1
DA:99,1
DA:101,0
DA:102,0
DA:103,0
DA:105,1
DA:107,1
DA:116,50
DA:118,50
DA:119,50
DA:121,50
DA:122,50
DA:123,0
DA:124,0
DA:125,0
DA:128,50
DA:129,0
DA:130,0
DA:131,0
DA:134,50
DA:135,50
DA:138,0
DA:139,0
DA:141,0
DA:142,0
DA:143,0
DA:145,0
DA:148,0
DA:149,0
DA:150,0
DA:152,0
DA:158,0
DA:165,0
DA:169,0
DA:170,0
DA:178,0
DA:182,1
DA:186,1
LF:105
LH:54
BRDA:8,0,0,1
BRDA:8,0,1,0
BRDA:8,0,2,1
BRDA:10,1,0,1
BRDA:10,1,1,0
BRDA:10,1,2,0
BRDA:10,1,3,0
BRDA:12,2,0,0
BRDA:12,2,1,0
BRDA:16,3,0,0
BRDA:16,3,1,1
BRDA:16,4,0,1
BRDA:16,4,1,0
BRDA:20,5,0,0
BRDA:20,5,1,1
BRDA:23,6,0,1
BRDA:23,6,1,0
BRDA:23,6,2,1
BRDA:24,7,0,2
BRDA:24,7,1,0
BRDA:27,8,0,0
BRDA:27,8,1,0
BRDA:34,9,0,1
BRDA:34,9,1,0
BRDA:34,9,2,1
BRDA:35,10,0,50
BRDA:35,10,1,0
BRDA:36,11,0,50
BRDA:36,11,1,50
BRDA:39,12,0,0
BRDA:39,12,1,50
BRDA:40,13,0,50
BRDA:40,13,1,50
BRDA:43,14,0,1
BRDA:43,14,1,0
BRDA:43,14,2,1
BRDA:44,15,0,0
BRDA:44,15,1,0
BRDA:45,16,0,50
BRDA:45,16,1,50
BRDA:48,17,0,0
BRDA:48,17,1,50
BRDA:50,18,0,0
BRDA:50,18,1,100
BRDA:50,19,0,100
BRDA:50,19,1,0
BRDA:50,19,2,0
BRDA:50,20,0,0
BRDA:50,20,1,0
BRDA:50,21,0,0
BRDA:50,21,1,0
BRDA:50,22,0,0
BRDA:50,22,1,0
BRDA:50,23,0,0
BRDA:50,23,1,0
BRDA:51,24,0,0
BRDA:51,24,1,100
BRDA:52,25,0,50
BRDA:52,25,1,50
BRDA:52,25,2,50
BRDA:52,25,3,0
BRDA:52,25,4,0
BRDA:52,25,5,0
BRDA:58,26,0,0
BRDA:58,26,1,0
BRDA:58,27,0,0
BRDA:58,27,1,0
BRDA:58,27,2,0
BRDA:58,28,0,0
BRDA:58,28,1,0
BRDA:59,29,0,0
BRDA:59,29,1,0
BRDA:59,30,0,0
BRDA:59,30,1,0
BRDA:59,30,2,0
BRDA:59,30,3,0
BRDA:60,31,0,0
BRDA:60,31,1,0
BRDA:60,32,0,0
BRDA:60,32,1,0
BRDA:61,33,0,0
BRDA:61,33,1,0
BRDA:61,34,0,0
BRDA:61,34,1,0
BRDA:62,35,0,0
BRDA:62,35,1,0
BRDA:67,36,0,0
BRDA:67,36,1,0
BRDA:67,37,0,0
BRDA:67,37,1,0
BRDA:70,38,0,1
BRDA:70,38,1,0
BRDA:70,38,2,1
BRDA:72,39,0,0
BRDA:72,39,1,0
BRDA:72,40,0,0
BRDA:72,40,1,0
BRDA:74,41,0,0
BRDA:74,41,1,0
BRDA:74,42,0,0
BRDA:74,42,1,0
BRDA:76,43,0,0
BRDA:76,43,1,0
BRDA:76,44,0,0
BRDA:76,44,1,0
BRDA:90,45,0,1
BRDA:90,45,1,1
BRDA:101,46,0,0
BRDA:101,46,1,0
BRDA:119,47,0,50
BRDA:119,47,1,0
BRDA:122,48,0,0
BRDA:122,48,1,50
BRDA:124,49,0,0
BRDA:124,49,1,0
BRDA:128,50,0,0
BRDA:128,50,1,50
BRDA:130,51,0,0
BRDA:130,51,1,0
BRDA:139,52,0,0
BRDA:139,52,1,0
BRDA:139,52,2,0
BRDA:142,53,0,0
BRDA:142,53,1,0
BRDA:148,54,0,0
BRDA:148,54,1,0
BRDA:170,55,0,0
BRDA:170,55,1,0
BRF:128
BRH:35
end_of_record
TN:
SF:utils\request\request-npm.js
FN:8,(anonymous_0)
FN:9,(anonymous_1)
FN:30,(anonymous_2)
FN:31,(anonymous_3)
FN:33,(anonymous_4)
FNF:5
FNH:2
FNDA:2,(anonymous_0)
FNDA:0,(anonymous_1)
FNDA:50,(anonymous_2)
FNDA:0,(anonymous_3)
FNDA:0,(anonymous_4)
DA:8,1
DA:9,2
DA:10,0
DA:11,0
DA:12,0
DA:13,0
DA:15,0
DA:17,2
DA:19,1
DA:20,1
DA:21,1
DA:22,1
DA:30,1
DA:31,50
DA:32,0
DA:33,0
DA:34,0
DA:35,0
DA:44,0
DA:50,1
LF:20
LH:10
BRDA:8,0,0,1
BRDA:8,0,1,0
BRDA:8,0,2,1
BRDA:9,1,0,2
BRDA:9,1,1,0
BRDA:12,2,0,0
BRDA:12,2,1,0
BRF:7
BRH:3
end_of_record
TN:
SF:utils\ui\logger.js
FN:8,(anonymous_0)
FN:17,(anonymous_1)
FN:23,(anonymous_2)
FN:24,StopWatch
FN:28,(anonymous_4)
FN:31,(anonymous_5)
FN:38,(anonymous_6)
FN:46,(anonymous_7)
FN:62,(anonymous_8)
FN:63,Logger
FN:65,(anonymous_10)
FN:76,(anonymous_11)
FN:87,(anonymous_12)
FN:98,(anonymous_13)
FN:102,(anonymous_14)
FNF:15
FNH:9
FNDA:1,(anonymous_0)
FNDA:1,(anonymous_1)
FNDA:1,(anonymous_2)
FNDA:1,StopWatch
FNDA:1,(anonymous_4)
FNDA:1,(anonymous_5)
FNDA:0,(anonymous_6)
FNDA:0,(anonymous_7)
FNDA:1,(anonymous_8)
FNDA:0,Logger
FNDA:1,(anonymous_10)
FNDA:0,(anonymous_11)
FNDA:0,(anonymous_12)
FNDA:1,(anonymous_13)
FNDA:0,(anonymous_14)
DA:8,1
DA:9,1
DA:10,1
DA:12,1
DA:13,1
DA:14,1
DA:17,1
DA:18,1
DA:19,1
DA:20,1
DA:21,1
DA:23,1
DA:25,1
DA:26,1
DA:27,1
DA:28,1
DA:29,1
DA:31,1
DA:32,1
DA:34,1
DA:35,1
DA:37,1
DA:39,0
DA:40,0
DA:41,0
DA:46,1
DA:47,0
DA:48,0
DA:49,0
DA:50,0
DA:51,0
DA:53,1
DA:55,1
DA:62,1
DA:65,1
DA:66,1
DA:67,1
DA:68,1
DA:70,1
DA:71,1
DA:72,1
DA:74,0
DA:76,1
DA:77,0
DA:78,0
DA:79,0
DA:81,0
DA:82,0
DA:83,0
DA:85,0
DA:87,1
DA:88,0
DA:89,0
DA:90,0
DA:92,0
DA:93,0
DA:94,0
DA:96,0
DA:98,1
DA:99,1
DA:100,1
DA:102,1
DA:103,0
DA:104,0
DA:105,0
DA:106,0
DA:108,1
DA:109,1
DA:111,1
LF:69
LH:42
BRDA:8,0,0,1
BRDA:8,0,1,0
BRDA:8,0,2,1
BRDA:9,1,0,1
BRDA:9,1,1,0
BRDA:22,2,0,1
BRDA:22,2,1,1
BRDA:70,3,0,1
BRDA:70,3,1,0
BRDA:81,4,0,0
BRDA:81,4,1,0
BRDA:92,5,0,0
BRDA:92,5,1,0
BRDA:99,6,0,1
BRDA:99,6,1,1
BRDA:104,7,0,0
BRDA:104,7,1,0
BRDA:105,8,0,0
BRDA:105,8,1,0
BRF:19
BRH:8
end_of_record
