TN:
SF:runnable\install\utils\extra-semver.js
FN:8,(anonymous_0)
FN:20,(anonymous_1)
FN:36,(anonymous_2)
FN:38,(anonymous_3)
FN:42,(anonymous_4)
FNF:5
FNH:5
FNDA:13,(anonymous_0)
FNDA:15,(anonymous_1)
FNDA:23,(anonymous_2)
FNDA:9,(anonymous_3)
FNDA:28,(anonymous_4)
DA:8,1
DA:9,13
DA:10,28
DA:11,0
DA:12,0
DA:15,13
DA:17,1
DA:18,1
DA:19,1
DA:20,1
DA:21,15
DA:22,10
DA:23,4
DA:25,6
DA:26,3
DA:28,3
DA:30,5
DA:32,1
DA:36,1
DA:37,23
DA:38,10
DA:40,13
DA:41,13
DA:42,13
DA:43,28
DA:44,15
DA:45,15
DA:47,10
DA:48,10
DA:52,18
DA:54,13
DA:56,1
LF:32
LH:30
BRDA:8,0,0,1
BRDA:8,0,1,0
BRDA:8,0,2,1
BRDA:9,1,0,13
BRDA:9,1,1,0
BRDA:9,2,0,13
BRDA:9,2,1,0
BRDA:10,3,0,0
BRDA:10,3,1,28
BRDA:10,4,0,28
BRDA:10,4,1,28
BRDA:11,5,0,0
BRDA:11,5,1,0
BRDA:15,6,0,13
BRDA:15,6,1,13
BRDA:21,7,0,10
BRDA:21,7,1,5
BRDA:22,8,0,4
BRDA:22,8,1,6
BRDA:25,9,0,3
BRDA:25,9,1,3
BRDA:37,10,0,10
BRDA:37,10,1,13
BRDA:45,11,0,10
BRDA:45,11,1,5
BRF:25
BRH:19
end_of_record
